XDG_SESSION_ID=14
HOSTNAME=v-test-r415-8.cs.northwestern.edu
TERM=xterm-256color
SHELL=/bin/zsh
HISTSIZE=1000
SSH_CLIENT=129.105.44.178 8580 22
SSH_TTY=/dev/pts/0
USER=USER
LS_COLORS=rs=0:di=38;5;27:ln=38;5;51:mh=44;38;5;15:pi=40;38;5;11:so=38;5;13:do=38;5;5:bd=48;5;232;38;5;11:cd=48;5;232;38;5;3:or=48;5;232;38;5;9:mi=05;48;5;232;38;5;15:su=48;5;196;38;5;15:sg=48;5;11;38;5;16:ca=48;5;196;38;5;226:tw=48;5;10;38;5;16:ow=48;5;10;38;5;21:st=48;5;21;38;5;15:ex=38;5;34:*.tar=38;5;9:*.tgz=38;5;9:*.arj=38;5;9:*.taz=38;5;9:*.lzh=38;5;9:*.lzma=38;5;9:*.tlz=38;5;9:*.txz=38;5;9:*.zip=38;5;9:*.z=38;5;9:*.Z=38;5;9:*.dz=38;5;9:*.gz=38;5;9:*.lz=38;5;9:*.xz=38;5;9:*.bz2=38;5;9:*.tbz=38;5;9:*.tbz2=38;5;9:*.bz=38;5;9:*.tz=38;5;9:*.deb=38;5;9:*.rpm=38;5;9:*.jar=38;5;9:*.war=38;5;9:*.ear=38;5;9:*.sar=38;5;9:*.rar=38;5;9:*.ace=38;5;9:*.zoo=38;5;9:*.cpio=38;5;9:*.7z=38;5;9:*.rz=38;5;9:*.jpg=38;5;13:*.jpeg=38;5;13:*.gif=38;5;13:*.bmp=38;5;13:*.pbm=38;5;13:*.pgm=38;5;13:*.ppm=38;5;13:*.tga=38;5;13:*.xbm=38;5;13:*.xpm=38;5;13:*.tif=38;5;13:*.tiff=38;5;13:*.png=38;5;13:*.svg=38;5;13:*.svgz=38;5;13:*.mng=38;5;13:*.pcx=38;5;13:*.mov=38;5;13:*.mpg=38;5;13:*.mpeg=38;5;13:*.m2v=38;5;13:*.mkv=38;5;13:*.ogm=38;5;13:*.mp4=38;5;13:*.m4v=38;5;13:*.mp4v=38;5;13:*.vob=38;5;13:*.qt=38;5;13:*.nuv=38;5;13:*.wmv=38;5;13:*.asf=38;5;13:*.rm=38;5;13:*.rmvb=38;5;13:*.flc=38;5;13:*.avi=38;5;13:*.fli=38;5;13:*.flv=38;5;13:*.gl=38;5;13:*.dl=38;5;13:*.xcf=38;5;13:*.xwd=38;5;13:*.yuv=38;5;13:*.cgm=38;5;13:*.emf=38;5;13:*.axv=38;5;13:*.anx=38;5;13:*.ogv=38;5;13:*.ogx=38;5;13:*.aac=38;5;45:*.au=38;5;45:*.flac=38;5;45:*.mid=38;5;45:*.midi=38;5;45:*.mka=38;5;45:*.mp3=38;5;45:*.mpc=38;5;45:*.ogg=38;5;45:*.ra=38;5;45:*.wav=38;5;45:*.axa=38;5;45:*.oga=38;5;45:*.spx=38;5;45:*.xspf=38;5;45:
MAIL=/var/spool/mail/USER
PATH=/usr/lib64/ccache:/usr/local/sbin:/usr/local/bin:/sbin:/bin:/usr/sbin:/usr/bin:/USER/bin
_=/bin/env
PWD=/USER
LANG=en_US.UTF-8
HISTCONTROL=ignoredups
SHLVL=2
HOME=/USER
LOGNAME=USER
CVS_RSH=ssh
SSH_CONNECTION=129.105.44.178 8580 165.124.183.175 22
LESSOPEN=||/usr/bin/lesspipe.sh %s
XDG_RUNTIME_DIR=/run/user/USER
G_BROKEN_FILENAMES=1
CCACHE_HASHDIR=
Linux v-test-r415-8.cs.northwestern.edu 2.6.43.8-1.fc15.x86_64 #1 SMP Mon Jun 4 20:33:44 UTC 2012 x86_64 x86_64 x86_64 GNU/Linux
Architecture:          x86_64
CPU op-mode(s):        32-bit, 64-bit
Byte Order:            Little Endian
CPU(s):                8
On-line CPU(s) list:   0-7
Thread(s) per core:    1
Core(s) per socket:    4
CPU socket(s):         2
NUMA node(s):          2
Vendor ID:             AuthenticAMD
CPU family:            16
Model:                 8
Stepping:              0
CPU MHz:               2200.053
BogoMIPS:              4400.42
Virtualization:        AMD-V
L1d cache:             64K
L1i cache:             64K
L2 cache:              512K
L3 cache:              5118K
NUMA node0 CPU(s):     0-3
NUMA node1 CPU(s):     4-7
MemTotal:       16354152 kB
MemFree:        15929180 kB
Buffers:           78688 kB
Cached:            93284 kB
SwapCached:            0 kB
Active:            72288 kB
Inactive:         124320 kB
Active(anon):      25220 kB
Inactive(anon):       80 kB
Active(file):      47068 kB
Inactive(file):   124240 kB
Unevictable:           0 kB
Mlocked:               0 kB
SwapTotal:      18546684 kB
SwapFree:       18546684 kB
Dirty:                80 kB
Writeback:             0 kB
AnonPages:         24616 kB
Mapped:            15500 kB
Shmem:               640 kB
Slab:              87496 kB
SReclaimable:      45176 kB
SUnreclaim:        42320 kB
KernelStack:        1320 kB
PageTables:         4704 kB
NFS_Unstable:          0 kB
Bounce:                0 kB
WritebackTmp:          0 kB
CommitLimit:    26723760 kB
Committed_AS:     157560 kB
VmallocTotal:   34359738367 kB
VmallocUsed:      117852 kB
VmallocChunk:   34351102472 kB
HardwareCorrupted:     0 kB
AnonHugePages:      4096 kB
HugePages_Total:       0
HugePages_Free:        0
HugePages_Rsvd:        0
HugePages_Surp:        0
Hugepagesize:       2048 kB
DirectMap4k:       76388 kB
DirectMap2M:     3059712 kB
DirectMap1G:    13631488 kB
NAME                             MAJ:MIN RM   SIZE RO MOUNTPOINT
ram0                               1:0    0    16M  0 
ram1                               1:1    0    16M  0 
ram2                               1:2    0    16M  0 
ram3                               1:3    0    16M  0 
ram4                               1:4    0    16M  0 
ram5                               1:5    0    16M  0 
ram6                               1:6    0    16M  0 
ram7                               1:7    0    16M  0 
ram8                               1:8    0    16M  0 
ram9                               1:9    0    16M  0 
ram10                              1:10   0    16M  0 
ram11                              1:11   0    16M  0 
ram12                              1:12   0    16M  0 
ram13                              1:13   0    16M  0 
ram14                              1:14   0    16M  0 
ram15                              1:15   0    16M  0 
loop0                              7:0    0         0 
loop1                              7:1    0         0 
loop2                              7:2    0         0 
loop3                              7:3    0         0 
loop4                              7:4    0         0 
loop5                              7:5    0         0 
loop6                              7:6    0         0 
loop7                              7:7    0         0 
sda                                8:0    0 465.8G  0 
├─sda1                             8:1    0   500M  0 /boot
└─sda2                             8:2    0 465.3G  0 
  ├─vg_vtestr4158-lv_swap (dm-0) 253:0    0  17.7G  0 [SWAP]
  ├─vg_vtestr4158-lv_root (dm-1) 253:1    0    50G  0 /
  └─vg_vtestr4158-lv_home (dm-2) 253:2    0 397.6G  0 /home
sr0                               11:0    1  1024M  0 
sdb                                8:16   1         0 
sr1                               11:1    1  1024M  0 
sdc                                8:32   1         0 
00:00.0 Host bridge: ATI Technologies Inc RD890 Northbridge only dual slot (2x8) PCI-e GFX Hydra part (rev 02)
00:00.2 Generic system peripheral [0806]: ATI Technologies Inc Device 5a23
00:09.0 PCI bridge: ATI Technologies Inc RD890 PCI to PCI bridge (PCI express gpp port H)
00:11.0 SATA controller: ATI Technologies Inc SB7x0/SB8x0/SB9x0 SATA Controller [IDE mode]
00:12.0 USB Controller: ATI Technologies Inc SB7x0/SB8x0/SB9x0 USB OHCI0 Controller
00:12.1 USB Controller: ATI Technologies Inc SB7x0 USB OHCI1 Controller
00:12.2 USB Controller: ATI Technologies Inc SB7x0/SB8x0/SB9x0 USB EHCI Controller
00:13.0 USB Controller: ATI Technologies Inc SB7x0/SB8x0/SB9x0 USB OHCI0 Controller
00:13.1 USB Controller: ATI Technologies Inc SB7x0 USB OHCI1 Controller
00:13.2 USB Controller: ATI Technologies Inc SB7x0/SB8x0/SB9x0 USB EHCI Controller
00:14.0 SMBus: ATI Technologies Inc SBx00 SMBus Controller (rev 3d)
00:14.1 IDE interface: ATI Technologies Inc SB7x0/SB8x0/SB9x0 IDE Controller
00:14.3 ISA bridge: ATI Technologies Inc SB7x0/SB8x0/SB9x0 LPC host controller
00:14.4 PCI bridge: ATI Technologies Inc SBx00 PCI to PCI Bridge
00:18.0 Host bridge: Advanced Micro Devices [AMD] Family 10h Processor HyperTransport Configuration
00:18.1 Host bridge: Advanced Micro Devices [AMD] Family 10h Processor Address Map
00:18.2 Host bridge: Advanced Micro Devices [AMD] Family 10h Processor DRAM Controller
00:18.3 Host bridge: Advanced Micro Devices [AMD] Family 10h Processor Miscellaneous Control
00:18.4 Host bridge: Advanced Micro Devices [AMD] Family 10h Processor Link Control
00:19.0 Host bridge: Advanced Micro Devices [AMD] Family 10h Processor HyperTransport Configuration
00:19.1 Host bridge: Advanced Micro Devices [AMD] Family 10h Processor Address Map
00:19.2 Host bridge: Advanced Micro Devices [AMD] Family 10h Processor DRAM Controller
00:19.3 Host bridge: Advanced Micro Devices [AMD] Family 10h Processor Miscellaneous Control
00:19.4 Host bridge: Advanced Micro Devices [AMD] Family 10h Processor Link Control
01:00.0 Ethernet controller: Broadcom Corporation NetXtreme II BCM5716 Gigabit Ethernet (rev 20)
01:00.1 Ethernet controller: Broadcom Corporation NetXtreme II BCM5716 Gigabit Ethernet (rev 20)
02:04.0 VGA compatible controller: Matrox Graphics, Inc. MGA G200eW WPCM450 (rev 0a)
