CPU ? (): dev: devices inited
CPU ? (): chardev: init
CPU ? (): blkdev: init
CPU ? (): netdev: init
Welcome to                                         
    _   __               __   _  __                
   / | / /____ _ __  __ / /_ (_)/ /__  __ _____    
  /  |/ // __ `// / / // __// // // / / // ___/    
 / /|  // /_/ // /_/ // /_ / // // /_/ /(__  )     
/_/ |_/ \__,_/ \__,_/ \__//_//_/ \__,_//____/  
+===============================================+  
 Kyle C. Hale (c) 2014 | Northwestern University   
+===============================================+  

Detected GenuineIntel Processor
CPU ? (): DEBUG: Increasing kern end to 0x00529ca7
BOOTMEM: Setting up boot memory allocator
BOOTMEM: Memory map[0] - [0x00000000 - 0x0009f000] <usable RAM>
BOOTMEM: Memory map[1] - [0x000a0000 - 0x000a0000] <reserved>
BOOTMEM: Memory map[2] - [0x000f0000 - 0x00100000] <reserved>
BOOTMEM: Memory map[3] - [0x00100000 - 0x7fffe000] <usable RAM>
BOOTMEM: Memory map[4] - [0x7fffe000 - 0x80000000] <reserved>
BOOTMEM: Memory map[5] - [0xfeffc000 - 0xff000000] <reserved>
BOOTMEM: Memory map[6] - [0xfffc0000 - 0x100000000] <reserved>
BOOTMEM: Detected 2047.646144 MB (2049 pages) of usable System RAM
CPU ? (): DEBUG: Multiboot info size 440B
CPU ? (): DEBUG: Image load base: 0x100040
CPU ? (): DEBUG: Kernel Cmd line: 
CPU ? (): DEBUG: Boot loader: GRUB 2.04
CPU ? (): DEBUG: Unhandled tag type (0xa)
CPU ? (): DEBUG: Found module: 
CPU ? (): DEBUG:   type:     0x00000003
CPU ? (): DEBUG:   size:     0x00000011
CPU ? (): DEBUG:   mod_start 0x0051d000
CPU ? (): DEBUG:   mod_end   0x00529ca7
CPU ? (): DEBUG:   args:     
CPU ? (): DEBUG: Found symbol table module
CPU ? (): DEBUG: Multiboot2 memory map detected
CPU ? (): DEBUG: ELF size=20, num=0, entsize=0, shndx=0, sechdr=0x00365b3c
CPU ? (): DEBUG: Multiboot2 basic meminfo detected
CPU ? (): DEBUG: Boot device: (biosdev=0xe0,slice=4294967295,part=4294967295)
CPU ? (): DEBUG: fb addr: 0x000b8000, fb_width: 80, fb_height: 25
CPU ? (): DEBUG: Old ACPI: rsdp=0x0051c6c8
ACPI: Parsing ACPI root table (at 0x000f6230)
ACPI: RSDP 00000000000f6230 00014 (v00 BOCHS )
ACPI: RSDT 000000007ffffbc1 00034 (v01 BOCHS  BXPCRSDT 00000001 BXPC 00000001)
ACPI: root table checksum pass
ACPI: FACP 000000007ffff1c0 00074 (v01 BOCHS  BXPCFACP 00000001 BXPC 00000001)
ACPI: SSDT 000000007ffff234 008DD (v01 BOCHS  BXPCSSDT 00000001 BXPC 00000001)
ACPI: APIC 000000007ffffb11 00078 (v01 BOCHS  BXPCAPIC 00000001 BXPC 00000001)
ACPI: HPET 000000007ffffb89 00038 (v01 BOCHS  BXPCHPET 00000001 BXPC 00000001)
ACPI: Done parsing ACPI root table
SMP: Detected 1 CPUs
NUMA: Parsing ACPI NUMA information...
NUMA: DONE.
CPU ? (): WARNING: NUMA: Associate Domains using ADHOC METHOD
Remapping phys mem [0x00000000 - 0x100000000] with 1GB pages
CPU ? (): KMEM: Malloc configured to support a maximum of: 0x7ff9d000 bytes of physical memory
BOOTMEM: Adding boot memory regions to the kernel memory pool:
BOOTMEM:     [Domain 00 : Region 00] (0.00 MB)
BOOTMEM:     [Domain 00 : Region 01] (2124.414976 MB)
BOOTMEM:     =======
BOOTMEM:     [TOTAL] (2124.414976 MB)
Disabling legacy 8259 PIC
Initializing i8254 PIT
CPU 0 (P 0 "*none*"): dev: Added device with name i8254, type 2, flags 0x0
CPU 0 (P 0 "*none*"): timehook: inited
CPU 0 (P 0 "*none*"): dev: Added device with name ioapic0, type 1, flags 0x0
CPU 0 (P 0 "*none*"): waitqueue: inited
CPU 0 (P 0 "*none*"): future: inited (seeded pool with 256 futures)
CPU 0 (P 0 "*none*"): timer: Timers inited
CPU 0 (P 0 "*none*"): APIC: Detected APIC 0x0 at 1000616000 Hz and cycles per us as 2299 (core at 2299000000 Hz) calibration mode=0
CPU 0 (P 0 "*none*"): APIC: Detected APIC 0x0 CPU cycles per tick as 36 cycles (min was 36)
CPU 0 (P 0 "*none*"): dev: Added device with name apic0, type 1, flags 0x0
CPU 0 (P 0 "*none*"): semaphore: inited
CPU 0 (P 0 "*none*"): msg_queue: inited
CPU 0 (P 0 "*none*"): ps2: init
CPU 0 (P 0 "*none*"): dev: Added device with name ps2-keyboard, type 0, flags 0x0
PCI: Probing PCI bus...
PCI: 0000:00:00.0 8086:1237 (rev 2)
PCI: 0000:00:01.0 8086:7000 (rev 0)
PCI: [0000:01.0] Multifunction Device detected
PCI: 0000:00:01.1 8086:7010 (rev 0)
PCI: 0000:00:01.3 8086:7113 (rev 3)
PCI: 0000:00:02.0 1234:1111 (rev 0)
PCI: 0000:00:03.0 8086:100e (rev 3)
CPU 0 (P 0 "*none*"): dev: Added device with name pci0, type 3, flags 0x0
CPU 0 (P 0 "*none*"): dev: Added device with name isa, type 3, flags 0x0
CPU 0 (P 0 "*none*"): Scheduler: Initializing scheduler on BSP
CPU 0 (P 1 "*unnamed*"): group_sched: Inited
BOOTMEM: Reclaiming boot sections and data:
BOOTMEM:     [Boot alloc. page map] (0.264 MB)
BOOTMEM:     [Boot page tables and stack]     (0.4096 MB)
BOOTMEM:     =======
BOOTMEM:     [TOTAL] (2.109704 MB)
BOOTMEM:     Boot allocation range: 0x00800000-0x01306640
CPU 0 (P 1 "*unnamed*"): KMEM:    boot range: 0x00800000-0x01306640   kmem private: 0x00805000-0x01306640
SMP: Setting up cross-core IPI event queue
MWAIT not supported
CPU 0 (P 1 "*unnamed*"): dev: Added device with name vga, type 0, flags 0x0
CPU 0 (P 1 "*unnamed*"): dev: Added device with name serial-boot, type 0, flags 0x0
CPU 0 (P 1 "*unnamed*"): chardev: register device serial0
CPU 0 (P 1 "*unnamed*"): dev: Added device with name serial0, type 4, flags 0x0
CPU 0 (P 1 "*unnamed*"): fiber: Initializing fibers on BSP
CPU 0 (P 1 "*unnamed*"): fiber: Starting fiber thread for CPU 0
CPU 0 (P 1 "*unnamed*"): fiber: Fiber thread launched on cpu 0 as 0x00102000
CPU 0 (P 1 "*unnamed*"): vc: init
List of VCs (space to regenerate, plus for new shell)

a : default
b : system-log
CPU 0 (P 1 "*unnamed*"): vc: List launched
CPU 0 (P 1 "*unnamed*"): fs: inited
PMC: Initializing PMC subsystem
parsing cmdline 
CPU 0 (P 1 "*unnamed*"): Shell root-shell launched on cpu 0 as 000000000187e000
Nautilus boot thread yielding (indefinitely)
c : vc-list
root-shell> fiberbench1
root-shell> Benchmark 1 is finished
Benchmark 2 is finished
PRINTSTART
16363259252
16363260399
19191
687
593
589
587
581
589
584
592
586
590
584
592
584
592
581
590
586
592
583
590
586
592
581
589
581
587
581
589
581
589
586
587
583
590
586
592
583
587
584
592
584
590
586
592
584
592
583
590
586
587
583
587
586
592
581
592
584
590
586
592
584
592
583
590
583
587
583
587
581
592
584
592
584
592
586
592
586
590
583
592
581
589
581
587
583
592
584
592
586
589
583
587
583
587
586
589
581
592
584
592
583
587
581
589
581
587
583
587
583
587
586
589
584
592
584
592
586
587
581
589
581
587
583
587
584
592
586
587
586
592
586
590
586
589
581
589
583
587
583
587
586
589
584
587
581
592
586
590
583
589
581
589
583
587
583
587
586
589
581
592
584
590
581
587
586
592
584
592
586
590
586
590
581
592
584
589
581
589
586
590
583
592
584
592
586
590
586
590
581
592
581
589
581
589
583
590
584
615
604
PRINTEND
timehook1
root-shell> Benchmark 25 is finished
Benchmark 26 is finished
PRINTSTART
29978236675
29978237455
656
564
544
492
492
522
540
536
522
492
490
504
492
514
488
504
490
514
538
506
488
536
522
486
488
504
490
514
540
534
488
506
492
516
488
534
492
486
540
534
520
484
488
536
522
516
488
536
522
516
540
536
518
534
522
484
488
536
522
484
510
504
490
516
518
536
490
484
518
534
492
486
540
534
518
534
520
486
490
534
522
514
538
534
490
484
520
534
492
486
518
536
522
484
510
506
488
536
522
484
488
534
520
514
538
536
490
486
518
536
522
484
518
534
522
486
510
504
490
534
522
516
490
534
522
516
540
534
490
486
518
534
522
11414
580
492
522
522
486
486
540
504
492
514
488
504
492
514
540
536
522
486
488
534
522
516
488
504
492
514
540
534
520
504
492
486
518
534
522
486
510
504
490
514
490
504
492
486
518
534
490
484
540
504
518
536
522
484
488
534
520
484
510
534
492
486
518
534
492
486
518
534
522
484
538
504
488
534
522
484
488
536
522
516
540
536
492
486
518
536
522
486
488
534
522
486
510
504
490
534
492
514
488
504
492
514
540
536
492
484
520
534
522
486
518
536
522
486
510
504
488
536
492
484
520
534
522
486
510
504
492
516
488
504
492
516
520
506
492
514
540
534
518
504
9118
580
538
528
488
520
516
534
492
484
518
534
490
484
518
546
540
516
540
514
490
504
520
514
490
504
492
516
540
486
488
536
522
516
488
504
492
516
542
484
540
486
680
534
522
514
488
536
522
514
540
486
488
534
522
516
490
504
492
516
542
486
542
484
518
534
520
486
490
534
522
516
540
484
488
534
520
484
488
536
522
514
540
486
510
484
518
534
520
484
488
536
522
484
542
484
518
534
522
484
488
534
520
486
510
486
542
484
518
534
492
484
518
534
492
486
542
516
520
536
490
484
518
534
522
484
512
486
540
516
518
534
492
486
518
534
492
486
542
514
518
534
490
486
520
536
520
484
542
486
542
516
488
506
492
516
520
534
492
486
540
514
518
506
492
514
518
504
490
484
542
514
542
486
488
534
522
516
488
534
522
514
542
484
488
504
522
514
488
506
492
516
540
516
542
486
490
534
522
486
490
534
520
514
542
486
520
534
522
484
488
534
522
516
540
484
512
486
520
534
522
484
488
534
522
516
542
486
518
536
522
484
488
534
520
516
540
486
512
486
518
536
492
484
518
534
522
486
512
484
518
536
522
486
518
536
522
484
540
486
542
514
518
536
492
516
518
536
492
484
540
516
520
534
492
484
518
536
492
486
540
516
542
516
488
504
492
486
520
534
492
486
542
516
488
506
492
516
520
534
492
484
540
516
540
516
488
534
522
516
488
504
490
484
542
516
488
504
492
516
488
506
492
514
540
516
540
486
490
534
520
484
490
534
522
486
540
486
488
536
522
486
488
534
522
516
542
484
510
486
518
534
520
486
518
534
522
486
510
484
518
536
522
486
518
536
522
484
512
486
544
516
518
534
492
486
518
534
520
486
512
486
518
534
492
486
520
534
522
486
512
484
542
516
518
504
492
486
520
534
492
486
540
516
518
534
492
486
518
534
492
486
542
516
540
516
488
504
492
516
488
504
490
516
540
516
488
504
492
516
518
534
492
486
540
514
542
486
490
506
490
514
488
504
490
516
540
516
488
504
522
516
488
504
492
486
540
514
540
484
490
534
522
486
488
504
492
514
542
516
488
534
522
516
488
536
522
514
540
486
540
486
520
534
520
484
520
534
522
486
510
486
518
536
522
486
518
534
522
486
512
484
540
516
518
534
490
486
518
534
492
486
540
484
488
506
492
516
488
506
492
486
550
494
534
530
514
478
484
508
484
478
516
478
514
478
484
508
486
508
484
478
514
478
514
478
516
478
484
508
486
508
484
478
486
478
514
478
484
478
484
508
484
478
516
478
514
478
484
508
484
508
484
480
514
478
516
478
514
478
484
508
484
478
514
478
514
478
484
508
484
478
514
478
516
478
484
508
484
508
484
478
516
478
514
478
514
478
484
508
484
478
514
478
514
478
484
510
484
478
516
478
514
478
484
478
484
508
486
478
484
478
514
478
514
478
484
478
484
508
484
508
486
478
514
478
484
478
484
508
486
478
514
478
514
480
484
478
486
508
484
478
484
480
514
478
516
478
486
508
486
478
516
478
486
508
486
478
484
478
514
478
514
478
486
478
484
508
484
510
484
478
514
478
484
478
484
508
484
478
514
478
486
478
484
508
484
478
514
478
516
478
514
478
484
508
486
508
484
478
486
478
514
478
PRINTEND
hook_time_index 1000
th_one_start
69
69
69
69
69
69
69
69
69
69
69
69
69
69
69
69
69
69
69
69
69
69
69
69
69
69
69
69
69
69
69
69
69
69
69
69
69
69
69
69
69
69
69
69
69
69
69
69
69
69
69
69
69
69
69
69
69
69
69
69
69
69
69
69
69
69
69
69
69
69
69
69
69
69
69
69
69
69
69
69
69
69
69
69
69
69
69
69
69
69
69
69
69
69
69
69
69
69
69
69
69
69
69
69
69
69
69
69
69
69
69
69
69
69
69
69
69
69
69
69
69
69
69
69
69
69
69
69
69
69
69
69
69
69
69
69
69
69
69
69
69
69
69
69
69
69
69
69
69
69
69
69
69
69
69
69
69
69
69
69
69
69
69
69
69
69
69
69
69
69
69
69
69
69
69
69
69
69
69
69
69
69
69
69
69
69
69
69
69
69
69
69
69
69
69
69
69
364
82
72
42
72
72
72
72
72
72
42
72
72
72
72
42
72
72
72
42
72
72
72
72
42
72
72
72
72
42
42
42
72
72
72
42
72
72
72
72
72
72
42
72
72
72
42
72
72
72
72
42
42
72
42
42
42
72
72
72
42
72
72
72
72
42
42
42
72
72
42
42
72
72
72
72
42
42
42
72
72
72
42
72
42
42
72
72
42
42
72
72
72
72
42
72
72
72
72
72
42
72
72
72
72
42
42
42
72
72
42
42
72
72
72
42
42
72
72
72
72
72
42
72
72
72
72
42
42
42
72
72
42
42
42
136
72
72
72
42
72
72
72
72
72
42
72
72
72
42
72
72
42
72
72
72
72
42
72
72
72
42
42
42
72
72
72
72
42
42
42
72
72
72
72
42
72
72
72
72
42
42
72
72
72
72
72
42
42
72
72
72
42
72
72
72
72
72
42
42
72
72
42
42
72
72
72
72
72
72
42
72
72
72
42
42
42
42
72
72
42
42
42
72
72
72
42
72
72
72
72
72
72
42
72
72
72
42
42
42
72
72
42
42
42
72
72
72
42
72
72
72
72
42
72
72
72
72
42
72
72
72
72
42
72
72
72
42
42
72
72
42
42
42
72
72
72
82
42
72
74
72
42
42
72
72
42
42
72
72
42
72
72
42
42
72
72
72
72
42
72
72
72
42
42
72
72
72
72
42
72
72
72
42
42
72
72
72
264
72
72
72
72
72
72
42
42
72
72
72
42
42
72
72
72
42
42
72
72
72
72
72
42
72
72
72
72
42
42
72
72
72
42
72
72
72
72
42
42
72
72
72
42
42
72
72
72
72
42
72
72
72
72
42
42
72
72
72
42
72
72
72
72
72
42
42
72
72
42
42
72
72
72
42
42
42
72
72
42
42
72
72
72
72
72
42
72
42
72
72
42
42
72
72
72
42
42
72
72
72
42
42
42
72
72
72
72
42
72
72
72
42
72
42
72
72
72
42
72
72
72
42
72
72
72
72
72
42
42
72
72
72
42
72
72
72
72
42
42
72
72
72
72
42
72
72
72
42
42
72
72
72
72
72
42
72
72
72
42
72
42
72
72
72
42
72
72
72
72
42
42
72
72
72
42
42
42
72
72
72
42
72
42
72
72
42
42
72
72
72
42
72
42
72
72
72
42
42
72
72
42
42
42
72
72
72
42
42
72
72
42
42
72
72
72
72
72
42
72
72
72
42
42
72
72
72
72
42
72
72
72
72
42
42
72
72
72
72
72
42
72
72
72
72
42
42
72
72
72
42
72
72
72
42
42
42
72
72
72
42
72
72
72
72
72
42
72
72
72
72
72
42
72
72
72
42
72
72
72
42
42
72
42
72
72
72
42
72
72
72
42
72
72
72
72
72
42
72
72
72
42
72
42
72
72
72
42
42
72
72
72
42
42
72
72
72
42
42
72
72
72
72
42
72
72
72
76
42
42
42
72
72
42
42
42
72
72
72
42
42
72
72
42
72
42
72
72
72
72
42
72
72
72
72
42
42
72
72
72
42
42
42
72
72
42
42
72
72
72
42
72
42
72
72
72
42
72
72
72
42
42
72
72
72
72
42
72
72
72
72
72
42
42
72
72
72
72
42
72
72
72
42
72
42
72
72
72
42
72
72
72
72
72
42
42
72
72
72
42
72
72
72
72
42
42
72
72
72
72
72
72
72
72
42
42
72
72
72
42
42
42
72
72
42
42
72
72
72
42
42
42
72
72
72
42
72
72
72
72
42
42
42
72
72
42
42
72
72
72
72
72
72
72
42
72
72
72
72
th_one_end
hook_data average, 63.733
th_two_start
1509
1506
1510
1501
1506
1498
1504
1500
1510
1512
1523
1515
1521
1506
1515
1512
1515
1506
1510
1503
1509
1501
1509
1503
1513
1515
1523
1518
1521
1512
1515
1501
1515
1512
1510
1503
1504
1498
1506
1498
1510
1512
1521
1515
1521
1510
1515
1507
1512
1503
1510
1506
1509
1498
1506
1498
1510
1512
1521
1515
1521
1510
1518
1507
1512
1503
1507
1506
1515
1501
1506
1498
1512
1512
1521
1515
1521
1510
1518
1507
1512
1501
1507
1498
1506
1507
1515
1501
1515
1515
1521
1518
1521
1510
1515
1504
1512
1501
1507
1503
1509
1501
1515
1515
1515
1507
1521
1518
1518
1510
1515
1504
1509
1501
1507
1503
1509
1501
1515
1515
1521
1510
1509
1507
1518
1510
1515
1504
1509
1501
1507
1501
1509
1501
1515
1515
1521
1518
1518
1507
1515
1510
1515
1504
1512
1501
1507
1501
1509
1501
1515
1515
1521
1518
1521
1510
1515
1501
1515
1510
1512
1501
1504
1498
1506
1498
1512
1512
1521
1513
1521
1512
1515
1507
1512
1501
1512
1506
1507
1498
1506
1498
1512
1512
1521
1513
1521
1512
1518
1507
1512
1501
1507
1506
1541
1529
3264531
1508
1622
1398
1416
1394
1354
1348
1366
1362
1318
1322
1354
1370
1356
1316
1318
1366
1354
1316
1492
1486
1344
1362
1320
1320
1354
1368
1352
1318
1374
1334
1316
1362
1348
1312
1412
1458
1350
1314
1370
1370
1326
1316
1346
1362
1318
1312
1344
1366
1352
1312
1516
1516
1322
1338
1324
1344
1346
1332
1322
1348
1370
1362
1352
1320
1322
1370
1352
1344
1318
1332
1320
1344
1366
1366
1320
1336
1326
1350
1354
1368
1322
1316
1372
1364
1350
1346
1320
1334
1356
1350
1352
1366
1322
1318
1370
1362
1344
1362
1318
1316
1350
1366
1354
1314
1370
1370
1352
1344
1314
1332
1318
1346
1320
1334
1322
1346
1374
1366
1350
1364
1320
1312
1346
1360
1352
1318
1368
1366
1356
1348
1320
1336
1320
12320
1490
1356
1348
1322
1320
1350
1374
1370
1358
1316
1318
1364
1354
1318
1370
1332
1322
1350
1354
1370
1354
1314
1348
1364
1352
1316
1338
1334
1320
1364
1358
1352
1324
1340
1322
1346
1372
1364
1350
1316
1350
1364
1358
1352
1324
1368
1324
1350
1372
1364
1316
1332
1318
1346
1350
1366
1326
1314
1372
1370
1354
1344
1316
1362
1348
1346
1320
1336
1322
1346
1376
1370
1352
1366
1322
1314
1346
1362
1322
1318
1368
1366
1356
1348
1320
1338
1320
1342
1346
1366
1324
1314
1366
1366
1356
1370
1358
1318
1322
1366
1518
1484
1372
1332
1348
1346
1326
1340
1410
1430
1350
1366
1322
1318
1370
1362
1474
1492
1322
1350
1356
1370
1324
1312
1454
1450
1350
1312
1316
1362
1352
1320
1486
1530
1350
1316
1376
1336
1318
1364
10034
1594
1378
1358
1348
1350
1314
1364
1350
1342
1316
1362
1354
1350
1322
1376
1372
1322
1344
1316
1348
1362
1350
1312
1346
1364
1352
1312
1342
1320
1350
1368
1350
1312
1346
1362
1354
1320
1340
1312
1374
1350
1542
1366
1322
1314
1346
1362
1350
1314
1368
1346
1352
1368
1326
1318
1352
1366
1350
1314
1340
1312
1368
1344
1354
1370
1324
1318
1352
1364
1354
1320
1370
1314
1346
1362
1324
1320
1352
1368
1352
1314
1372
1318
1370
1344
1316
1332
1324
1350
1352
1368
1320
1314
1376
1346
1318
1334
1320
1342
1346
1332
1322
1348
1372
1350
1376
1346
1318
1364
1350
1342
1316
1334
1352
1342
1372
1320
1324
1370
1354
1346
1318
1334
1324
1348
1372
1342
1372
1322
1324
1370
1354
1344
1318
1334
1322
1346
1368
1312
1316
1362
1354
1352
1324
1340
1322
1342
1370
1344
1368
1312
1344
1362
1352
1320
1326
1366
1352
1350
1374
1316
1316
1362
1348
1312
1316
1362
1352
1314
1374
1320
1374
1314
1346
1362
1318
1312
1346
1366
1360
1318
1344
1320
1352
1366
1352
1314
1346
1362
1352
1320
1340
1312
1372
1348
1352
1366
1320
1312
1346
1362
1322
1314
1368
1344
1352
1368
1326
1318
1352
1366
1350
1316
1372
1312
1368
1344
1322
1338
1326
1348
1352
1364
1324
1320
1370
1342
1314
1332
1322
1348
1354
1370
1322
1314
1370
1348
1370
1342
1314
1332
1352
1348
1324
1338
1320
1344
1374
1346
1318
1334
1318
1342
1314
1332
1322
1346
1374
1350
1374
1316
1318
1364
1348
1312
1314
1364
1352
1344
1372
1320
1326
1370
1354
1344
1318
1334
1322
1350
1370
1312
1372
1320
1354
1370
1354
1314
1318
1362
1352
1346
1368
1312
1314
1362
1352
1320
1326
1370
1352
1342
1370
1316
1338
1312
1346
1362
1354
1322
1354
1368
1354
1350
1374
1314
1316
1362
1348
1312
1314
1362
1350
1314
1344
1322
1372
1344
1346
1362
1320
1312
1346
1364
1322
1312
1372
1350
1350
1368
1320
1312
1346
1362
1324
1320
1370
1342
1374
1350
1320
1338
1322
1344
1316
1332
1320
1344
1368
1346
1322
1338
1324
1348
1350
1368
1320
1314
1372
1342
1370
1316
1322
1368
1356
1348
1320
1336
1324
1350
1370
1342
1316
1332
1322
1348
1352
1368
1322
1312
1372
1346
1370
1312
1316
1362
1352
1348
1322
1366
1350
1346
1374
1316
1318
1364
1348
1342
1316
1362
1352
1346
1372
1320
1374
1316
1348
1364
1348
1312
1316
1366
1352
1314
1342
1322
1354
1370
1354
1314
1318
1364
1352
1350
1372
1312
1342
1320
1354
1370
1354
1316
1318
1364
1352
1318
1338
1312
1346
1362
1354
1322
1324
1370
1352
1312
1370
1316
1370
1312
1346
1360
1324
1322
1354
1368
1354
1318
1344
1314
1346
1362
1320
1314
1344
1362
1350
1314
1374
1352
1372
1344
1316
1332
1320
1342
1316
1334
1322
1342
1372
1350
1320
1338
1320
1342
1346
1332
1324
1350
1370
1342
1374
1320
1320
1368
1352
1344
1316
1332
1320
1344
1410
1388
1352
1368
1354
1318
1320
1368
1454
1448
1384
th_two_end
hook_fire_data average, 4655.12
