CPU ? (): dev: devices inited
CPU ? (): chardev: init
CPU ? (): blkdev: init
CPU ? (): netdev: init
Welcome to                                         
    _   __               __   _  __                
   / | / /____ _ __  __ / /_ (_)/ /__  __ _____    
  /  |/ // __ `// / / // __// // // / / // ___/    
 / /|  // /_/ // /_/ // /_ / // // /_/ /(__  )     
/_/ |_/ \__,_/ \__,_/ \__//_//_/ \__,_//____/  
+===============================================+  
 Kyle C. Hale (c) 2014 | Northwestern University   
+===============================================+  

Detected GenuineIntel Processor
CPU ? (): DEBUG: Increasing kern end to 0x00486ca7
BOOTMEM: Setting up boot memory allocator
BOOTMEM: Memory map[0] - [0x00000000 - 0x0009f000] <usable RAM>
BOOTMEM: Memory map[1] - [0x000a0000 - 0x000a0000] <reserved>
BOOTMEM: Memory map[2] - [0x000f0000 - 0x00100000] <reserved>
BOOTMEM: Memory map[3] - [0x00100000 - 0x7fffe000] <usable RAM>
BOOTMEM: Memory map[4] - [0x7fffe000 - 0x80000000] <reserved>
BOOTMEM: Memory map[5] - [0xfeffc000 - 0xff000000] <reserved>
BOOTMEM: Memory map[6] - [0xfffc0000 - 0x100000000] <reserved>
BOOTMEM: Detected 2047.646144 MB (2049 pages) of usable System RAM
CPU ? (): DEBUG: Multiboot info size 440B
CPU ? (): DEBUG: Image load base: 0x100040
CPU ? (): DEBUG: Kernel Cmd line: 
CPU ? (): DEBUG: Boot loader: GRUB 2.04
CPU ? (): DEBUG: Unhandled tag type (0xa)
CPU ? (): DEBUG: Found module: 
CPU ? (): DEBUG:   type:     0x00000003
CPU ? (): DEBUG:   size:     0x00000011
CPU ? (): DEBUG:   mod_start 0x0047a000
CPU ? (): DEBUG:   mod_end   0x00486ca7
CPU ? (): DEBUG:   args:     
CPU ? (): DEBUG: Found symbol table module
CPU ? (): DEBUG: Multiboot2 memory map detected
CPU ? (): DEBUG: ELF size=20, num=0, entsize=0, shndx=0, sechdr=0x00365b3c
CPU ? (): DEBUG: Multiboot2 basic meminfo detected
CPU ? (): DEBUG: Boot device: (biosdev=0xe0,slice=4294967295,part=4294967295)
CPU ? (): DEBUG: fb addr: 0x000b8000, fb_width: 80, fb_height: 25
CPU ? (): DEBUG: Old ACPI: rsdp=0x004796c8
ACPI: Parsing ACPI root table (at 0x000f6230)
ACPI: RSDP 00000000000f6230 00014 (v00 BOCHS )
ACPI: RSDT 000000007ffffbc1 00034 (v01 BOCHS  BXPCRSDT 00000001 BXPC 00000001)
ACPI: root table checksum pass
ACPI: FACP 000000007ffff1c0 00074 (v01 BOCHS  BXPCFACP 00000001 BXPC 00000001)
ACPI: SSDT 000000007ffff234 008DD (v01 BOCHS  BXPCSSDT 00000001 BXPC 00000001)
ACPI: APIC 000000007ffffb11 00078 (v01 BOCHS  BXPCAPIC 00000001 BXPC 00000001)
ACPI: HPET 000000007ffffb89 00038 (v01 BOCHS  BXPCHPET 00000001 BXPC 00000001)
ACPI: Done parsing ACPI root table
SMP: Detected 1 CPUs
NUMA: Parsing ACPI NUMA information...
NUMA: DONE.
CPU ? (): WARNING: NUMA: Associate Domains using ADHOC METHOD
Remapping phys mem [0x00000000 - 0x100000000] with 1GB pages
CPU ? (): KMEM: Malloc configured to support a maximum of: 0x7ff9d000 bytes of physical memory
BOOTMEM: Adding boot memory regions to the kernel memory pool:
BOOTMEM:     [Domain 00 : Region 00] (0.00 MB)
BOOTMEM:     [Domain 00 : Region 01] (2124.414976 MB)
BOOTMEM:     =======
BOOTMEM:     [TOTAL] (2124.414976 MB)
Disabling legacy 8259 PIC
Initializing i8254 PIT
CPU 0 (P 0 "*none*"): dev: Added device with name i8254, type 2, flags 0x0
CPU 0 (P 0 "*none*"): timehook: inited
CPU 0 (P 0 "*none*"): dev: Added device with name ioapic0, type 1, flags 0x0
CPU 0 (P 0 "*none*"): waitqueue: inited
CPU 0 (P 0 "*none*"): future: inited (seeded pool with 256 futures)
CPU 0 (P 0 "*none*"): timer: Timers inited
CPU 0 (P 0 "*none*"): APIC: Detected APIC 0x0 at 1000428800 Hz and cycles per us as 2298 (core at 2298000000 Hz) calibration mode=0
CPU 0 (P 0 "*none*"): APIC: Detected APIC 0x0 CPU cycles per tick as 36 cycles (min was 36)
CPU 0 (P 0 "*none*"): dev: Added device with name apic0, type 1, flags 0x0
CPU 0 (P 0 "*none*"): semaphore: inited
CPU 0 (P 0 "*none*"): msg_queue: inited
CPU 0 (P 0 "*none*"): ps2: init
CPU 0 (P 0 "*none*"): dev: Added device with name ps2-keyboard, type 0, flags 0x0
PCI: Probing PCI bus...
PCI: 0000:00:00.0 8086:1237 (rev 2)
PCI: 0000:00:01.0 8086:7000 (rev 0)
PCI: [0000:01.0] Multifunction Device detected
PCI: 0000:00:01.1 8086:7010 (rev 0)
PCI: 0000:00:01.3 8086:7113 (rev 3)
PCI: 0000:00:02.0 1234:1111 (rev 0)
PCI: 0000:00:03.0 8086:100e (rev 3)
CPU 0 (P 0 "*none*"): dev: Added device with name pci0, type 3, flags 0x0
CPU 0 (P 0 "*none*"): dev: Added device with name isa, type 3, flags 0x0
CPU 0 (P 0 "*none*"): Scheduler: Initializing scheduler on BSP
CPU 0 (P 1 "*unnamed*"): group_sched: Inited
BOOTMEM: Reclaiming boot sections and data:
BOOTMEM:     [Boot alloc. page map] (0.264 MB)
BOOTMEM:     [Boot page tables and stack]     (0.4096 MB)
BOOTMEM:     =======
BOOTMEM:     [TOTAL] (2.109704 MB)
BOOTMEM:     Boot allocation range: 0x00800000-0x01306640
CPU 0 (P 1 "*unnamed*"): KMEM:    boot range: 0x00800000-0x01306640   kmem private: 0x00805000-0x01306640
SMP: Setting up cross-core IPI event queue
MWAIT not supported
CPU 0 (P 1 "*unnamed*"): dev: Added device with name vga, type 0, flags 0x0
CPU 0 (P 1 "*unnamed*"): dev: Added device with name serial-boot, type 0, flags 0x0
CPU 0 (P 1 "*unnamed*"): chardev: register device serial0
CPU 0 (P 1 "*unnamed*"): dev: Added device with name serial0, type 4, flags 0x0
CPU 0 (P 1 "*unnamed*"): fiber: Initializing fibers on BSP
CPU 0 (P 1 "*unnamed*"): fiber: Starting fiber thread for CPU 0
CPU 0 (P 1 "*unnamed*"): fiber: Fiber thread launched on cpu 0 as 0x00102000
CPU 0 (P 1 "*unnamed*"): vc: init
List of VCs (space to regenerate, plus for new shell)

a : default
b : system-log
CPU 0 (P 1 "*unnamed*"): vc: List launched
CPU 0 (P 1 "*unnamed*"): fs: inited
PMC: Initializing PMC subsystem
parsing cmdline 
CPU 0 (P 1 "*unnamed*"): Shell root-shell launched on cpu 0 as 000000000187e000
Nautilus boot thread yielding (indefinitely)
c : vc-list
root-shell> timehook1
root-shell> Benchmark 25 is finished
Benchmark 26 is finished
PRINTSTART
20744244987
20744246753
19970
1031
981
981
982
981
984
981
978
981
979
982
979
981
978
981
978
985
982
981
978
981
981
981
982
981
978
981
981
981
982
982
979
981
981
981
978
982
979
982
978
981
978
984
979
982
982
981
981
981
978
982
982
981
981
981
978
982
978
981
981
981
978
982
979
981
978
984
978
981
982
982
981
981
978
981
981
982
978
981
978
984
979
982
979
981
978
981
978
981
979
982
979
981
978
984
978
982
979
982
982
981
978
981
978
985
978
981
978
984
981
982
978
981
978
984
979
982
979
981
978
981
978
981
979
982
978
984
978
981
982
982
981
981
978
981
982
982
979
981
978
981
981
981
979
982
981
981
978
981
979
982
981
981
978
981
978
982
979
984
978
981
981
981
982
982
981
981
978
981
981
982
979
981
978
981
981
981
979
982
978
981
981
982
982
981
978
981
981
982
982
982
978
981
981
981
978
982
978
981
978
981
978
982
978
981
978
981
978
982
979
985
978
981
978
981
981
982
979
982
978
981
978
981
979
982
979
981
978
981
978
982
979
981
978
981
978
982
981
981
978
981
978
982
982
982
978
981
978
981
978
985
978
981
978
981
979
982
978
981
978
981
978
982
979
981
978
981
978
984
979
982
978
981
978
981
979
982
978
984
978
981
978
982
982
981
978
981
978
981
978
982
978
981
978
981
981
982
979
981
978
981
981
981
979
982
978
981
981
982
982
981
978
981
981
982
982
982
978
981
981
981
978
982
978
981
978
981
978
982
978
981
978
981
978
982
979
985
978
981
978
981
978
982
979
981
981
981
978
981
979
982
979
984
978
981
981
982
982
981
978
981
978
985
978
981
981
981
981
982
979
982
981
981
981
981
978
982
981
981
978
984
978
982
978
981
981
981
978
982
979
985
978
981
978
981
979
982
978
981
978
984
979
982
979
981
978
981
978
981
979
982
978
981
978
981
978
982
979
981
981
981
978
981
979
985
978
981
978
981
979
982
978
984
978
981
979
981
978
984
978
981
979
982
982
981
978
981
978
985
978
981
981
981
978
1212
993
972
975
972
975
972
973
972
972
972
972
972
972
972
972
972
972
972
972
972
18375
1165
985
972
972
969
972
972
972
972
972
972
972
972
975
987
972
972
972
972
972
972
975
972
972
972
975
972
972
972
975
973
972
973
973
972
972
972
975
972
972
972
975
972
972
972
972
972
972
972
975
972
972
972
975
972
976
973
976
973
975
972
972
972
975
972
972
972
972
972
972
972
975
972
972
972
972
972
972
972
973
972
972
972
972
972
975
972
972
972
975
972
972
972
972
972
975
972
972
972
975
972
972
972
972
972
972
972
976
973
973
973
972
973
972
972
975
972
972
972
972
972
972
972
972
972
975
972
972
972
972
973
976
972
972
972
972
972
972
972
975
972
972
972
972
972
972
972
975
972
972
972
975
972
972
972
975
972
973
973
973
973
972
972
975
972
972
972
975
972
972
972
972
972
972
972
975
972
972
972
975
972
973
972
973
973
972
972
972
972
972
972
972
972
975
972
972
972
972
972
972
972
975
972
972
972
973
972
973
973
975
972
972
972
975
972
972
972
972
972
975
972
972
972
975
972
972
972
972
972
972
972
975
972
972
973
973
972
973
973
972
972
972
972
972
972
972
972
972
969
972
972
972
972
972
972
975
972
973
973
972
972
975
972
972
972
972
972
972
972
972
972
972
972
972
969
972
972
972
972
972
972
972
969
972
972
972
972
973
972
972
972
975
972
972
972
975
972
972
972
972
972
972
972
972
972
972
969
972
972
972
972
973
972
976
973
973
972
975
972
972
972
972
972
972
972
975
972
972
972
972
972
972
973
972
972
973
972
976
973
973
972
975
972
972
972
972
972
975
972
972
972
975
972
972
972
972
972
972
972
975
972
972
972
972
972
973
973
976
973
979
972
973
973
973
969
972
972
975
972
972
972
972
972
975
972
972
972
972
972
973
972
976
973
972
972
972
972
972
972
975
972
972
972
975
972
972
972
975
972
972
972
972
972
972
972
975
972
973
973
976
973
973
972
972
972
972
972
975
972
972
972
975
972
972
972
972
972
972
972
972
972
972
972
973
973
976
973
972
972
972
972
972
972
975
972
972
972
972
972
972
972
975
972
972
972
975
973
972
973
973
972
976
972
972
973
976
972
972
972
972
972
972
972
975
972
972
972
972
972
972
972
972
972
972
972
972
973
1143
990
972
972
972
969
972
972
972
972
972
972
972
972
973
972
976
973
972
972
975
972
972
972
PRINTEND
hook_time_index 1000
th_one_start
65
65
61
64
64
64
65
65
61
64
64
64
65
65
62
64
64
64
64
64
65
65
64
64
64
64
65
65
65
64
64
64
64
65
65
65
64
64
61
64
65
65
65
65
64
64
65
65
65
65
64
64
64
65
65
64
61
64
64
65
65
64
61
64
64
65
65
65
64
64
64
64
65
65
64
64
64
64
64
65
65
64
64
64
64
65
65
65
61
64
64
64
61
64
62
65
64
64
64
64
65
65
65
64
64
64
65
65
64
64
64
64
64
65
65
64
64
64
64
65
65
65
64
64
61
64
65
65
64
64
64
64
65
65
65
65
64
64
61
65
65
65
64
64
64
64
65
65
61
64
64
64
65
65
62
65
64
64
64
64
65
65
64
64
64
64
64
65
65
65
64
64
61
64
65
65
64
64
64
64
65
64
64
64
64
64
65
65
64
64
64
64
65
65
65
64
61
64
64
65
65
64
61
64
64
65
65
65
61
64
61
64
65
65
65
65
64
64
64
64
65
65
65
65
64
64
61
64
65
64
64
64
65
65
65
64
64
64
64
65
62
65
64
64
64
65
62
65
64
64
64
64
65
65
64
64
64
64
64
65
62
65
64
64
64
65
62
65
64
64
61
64
65
65
64
64
61
64
61
65
65
65
64
64
64
64
65
65
65
64
64
64
64
65
65
65
64
64
61
64
65
65
64
64
64
64
65
64
64
64
64
64
65
65
64
64
64
64
65
65
65
64
61
64
64
65
65
64
61
64
64
65
65
65
61
64
61
64
65
65
65
65
61
64
64
64
65
65
62
65
64
64
64
64
65
64
64
64
64
65
65
64
64
64
64
65
65
65
64
64
64
64
65
65
64
64
64
64
61
65
61
64
64
64
64
65
65
65
64
64
64
64
65
65
61
64
64
64
64
65
65
64
64
64
64
65
65
65
64
64
61
64
62
65
62
64
64
64
64
65
65
65
64
64
64
64
65
65
64
64
64
64
65
65
64
64
61
64
62
65
65
65
64
64
64
65
65
64
64
64
64
64
80
64
64
67
64
64
65
65
65
65
65
65
64
64
64
64
64
61
64
64
64
64
79
65
62
64
64
64
64
64
64
64
64
64
65
64
64
64
64
64
64
64
61
64
64
64
64
64
65
65
64
65
65
65
65
65
65
65
64
64
64
64
64
64
64
64
64
61
64
64
64
64
64
64
64
64
65
65
65
65
65
65
65
65
65
65
64
64
64
64
64
64
64
64
64
64
64
64
65
65
65
65
65
65
65
65
64
64
65
65
64
64
64
64
64
64
64
64
64
64
64
64
64
64
64
61
65
64
64
65
65
65
65
65
65
65
64
65
65
64
64
64
64
64
61
64
64
64
64
64
64
64
65
65
65
65
65
65
65
64
64
64
64
64
64
64
64
64
61
64
64
64
64
64
64
64
64
64
65
65
65
65
65
65
64
65
65
64
64
64
64
64
64
61
64
64
64
64
64
64
64
64
64
65
65
65
65
65
65
65
65
65
61
64
64
64
64
64
64
64
64
64
64
64
64
64
65
62
65
65
65
65
65
65
65
65
64
64
64
64
64
64
64
64
64
64
64
64
64
64
64
64
65
64
64
65
65
65
65
65
65
65
65
65
65
65
64
64
64
64
64
64
64
64
64
64
64
64
65
65
62
65
65
65
65
64
64
64
64
64
64
64
64
64
64
64
64
64
64
64
64
64
64
64
64
65
65
65
65
65
65
65
65
65
65
64
64
64
64
64
64
64
64
64
64
64
64
64
64
64
64
65
65
65
65
65
65
65
65
64
65
65
64
61
64
64
64
64
64
64
64
64
64
64
65
65
65
65
65
65
65
65
65
64
65
65
64
65
64
64
65
65
64
64
64
64
64
61
64
64
64
64
64
64
64
65
64
65
65
65
65
71
65
65
65
65
65
65
65
65
65
64
64
64
64
64
64
65
65
64
65
65
65
65
65
65
64
65
65
65
61
64
64
64
64
64
64
64
64
64
64
64
64
64
64
64
65
65
65
65
65
65
65
65
65
62
64
65
65
64
64
64
64
64
64
64
64
64
64
64
65
64
64
64
62
65
65
65
65
65
64
65
65
64
64
64
64
64
64
61
64
64
64
64
65
65
64
65
65
65
65
65
65
65
65
65
65
65
65
64
64
65
64
64
64
64
64
64
64
64
64
64
64
64
65
64
64
65
65
77
64
64
64
64
64
64
64
64
64
65
65
64
65
65
65
65
65
65
65
64
64
64
64
th_one_end
hook_data average, 63.943
th_two_start
1849
1840
1837
1837
1843
1852
1843
1837
1840
1853
1846
1843
1834
1843
1840
1846
1844
1837
1840
1849
1846
1840
1837
1843
1846
1843
1837
1837
1843
1850
1840
1837
1840
1843
1840
1846
1840
1836
1840
1852
1840
1837
1840
1850
1846
1840
1837
1843
1846
1843
1843
1846
1846
1852
1846
1840
1834
1843
1846
1846
1840
1837
1840
1853
1840
1837
1840
1849
1843
1843
1843
1837
1843
1849
1840
1840
1840
1852
1843
1840
1837
1846
1847
1846
1837
1837
1840
1840
1837
1843
1833
1843
1846
1846
1837
1837
1843
1850
1840
1840
1840
1852
1843
1840
1843
1846
1843
1849
1840
1840
1840
1852
1843
1840
1837
1846
1847
1846
1837
1837
1843
1852
1840
1843
1840
1843
1846
1843
1837
1836
1843
1849
1840
1837
1843
1853
1846
1840
1834
1843
1843
1843
1840
1837
1843
1852
1846
1840
1834
1844
1846
1846
1840
1837
1840
1852
1840
1837
1840
1840
1840
1843
1837
1837
1843
1849
1840
1837
1843
1852
1847
1840
1834
1843
1846
1846
1847
1846
1843
1849
1846
1840
1836
1843
1846
1843
1837
1837
1843
1850
1840
1837
1843
1852
1843
1847
1840
1837
1843
1852
1843
1837
1840
1852
1846
1843
1834
1843
1847
1846
1837
1837
1837
1840
1837
1840
1837
1847
1846
1846
1837
1837
1843
1853
1843
1837
1840
1852
1846
1843
1846
1849
1843
1849
1840
1837
1843
1852
1846
1840
1834
1843
1847
1846
1840
1837
1840
1852
1840
1843
1840
1846
1846
1846
1837
1837
1843
1852
1843
1837
1840
1852
1847
1843
1834
1843
1840
1846
1843
1836
1840
1852
1846
1843
1834
1843
1846
1846
1837
1837
1843
1849
1840
1840
1840
1843
1840
1846
1837
1840
1847
1849
1840
1837
1843
1852
1847
1840
1834
1843
1846
1846
1847
1846
1843
1849
1846
1840
1836
1843
1846
1843
1837
1837
1843
1850
1840
1837
1843
1852
1843
1847
1840
1837
1843
1852
1843
1837
1840
1852
1846
1843
1834
1843
1847
1846
1837
1840
1837
1840
1840
1840
1834
1843
1846
1846
1840
1837
1840
1853
1840
1837
1840
1849
1846
1840
1843
1846
1843
1852
1840
1837
1840
1849
1846
1840
1837
1843
1847
1843
1837
1837
1843
1849
1840
1843
1840
1843
1846
1846
1837
1837
1843
1849
1840
1840
1840
1852
1844
1840
1837
1846
1843
1843
1840
1840
1840
1852
1843
1840
1837
1846
1847
1846
1837
1837
1843
1852
1843
1837
1840
1843
1840
1846
1837
1837
1844
1849
1840
1840
1840
1852
1843
1840
1837
1846
1846
1846
1843
1847
1843
1852
1846
1843
1834
1843
1846
1846
1837
1837
1843
1850
1840
1840
1840
1852
1840
1843
1844
1837
20405
20632
1856
1824
1830
1827
1828
1825
1825
1834
1837
1831
1828
1834
1834
1834
1834
1828
1827
1833
1837
1830
19320
2220
1849
1828
1834
1831
1828
1824
1834
1840
1833
1827
1827
1834
1840
1847
1827
1833
1840
1836
1830
1833
1834
1833
1840
1831
1828
1831
1840
1837
1831
1825
1834
1840
1834
1828
1828
1834
1840
1831
1831
1831
1834
1837
1834
1831
1827
1833
1840
1830
1827
1831
1840
1837
1831
1825
1834
1831
1834
1831
1828
1831
1840
1837
1831
1825
1834
1840
1834
1828
1827
1833
1840
1830
1827
1834
1831
1831
1837
1831
1825
1834
1840
1834
1828
1831
1840
1837
1831
1825
1834
1837
1834
1837
1837
1834
1840
1837
1831
1824
1833
1836
1833
1830
1828
1834
1840
1831
1828
1831
1840
1834
1834
1834
1828
1834
1840
1831
1828
1834
1840
1837
1831
1828
1831
1837
1837
1827
1824
1831
1831
1828
1831
1825
1834
1840
1834
1828
1828
1834
1840
1831
1828
1834
1840
1837
1830
1833
1833
1833
1840
1830
1827
1831
1840
1837
1831
1825
1834
1840
1834
1828
1828
1834
1840
1831
1831
1831
1834
1837
1834
1831
1827
1834
1840
1830
1827
1830
1840
1837
1831
1825
1834
1834
1834
1834
1828
1834
1840
1837
1831
1828
1831
1837
1837
1828
1824
1834
1840
1833
1827
1830
1834
1831
1834
1831
1828
1834
1840
1831
1828
1831
1840
1837
1831
1825
1834
1840
1834
1834
1837
1834
1840
1837
1831
1824
1834
1840
1833
1827
1827
1834
1840
1831
1828
1834
1840
1834
1834
1834
1825
1834
1840
1834
1828
1834
1843
1837
1831
1828
1834
1837
1837
1830
1824
1827
1831
1828
1831
1828
1831
1837
1837
1828
1825
1834
1840
1834
1828
1834
1843
1840
1831
1834
1837
1834
1840
1833
1827
1833
1843
1837
1830
1828
1834
1837
1837
1831
1825
1834
1840
1831
1834
1831
1831
1837
1837
1828
1825
1834
1840
1834
1827
1833
1844
1836
1830
1827
1834
1834
1834
1834
1828
1831
1840
1837
1831
1825
1834
1837
1834
1831
1828
1834
1840
1831
1827
1830
1830
1833
1840
1831
1825
1834
1840
1834
1828
1831
1840
1837
1831
1825
1834
1837
1834
1837
1837
1834
1840
1837
1831
1825
1834
1837
1834
1831
1827
1833
1840
1830
1827
1831
1840
1834
1834
1834
1828
1834
1840
1831
1831
1834
1843
1837
1831
1828
1834
1837
1837
1828
1825
1831
1830
1827
1830
1824
1834
1840
1834
1828
1828
1834
1840
1831
1828
1834
1840
1837
1831
1834
1834
1834
1840
1831
1828
1831
1840
1837
1831
1824
1833
1840
1833
1827
1828
1834
1840
1831
1831
1831
1834
1837
1834
1831
1828
1834
1840
1831
1828
1831
1840
1837
1831
1824
1834
1833
1833
1834
1827
1834
1840
1837
1831
1828
1831
1837
1837
1828
1825
1834
1840
1834
1828
1831
1834
1831
1834
1830
1827
1833
1840
1831
1828
1831
1840
1837
1831
1825
1834
1840
1834
1834
1837
1834
1840
1837
1831
1825
1834
1840
1834
1828
1828
1834
1840
1831
1827
1833
1840
1833
1833
1834
1824
1834
1840
1834
1828
14223
14413
1865
1831
1834
1833
1827
1837
1840
1831
1828
1834
1840
1837
1831
1828
1831
1840
1834
1828
1825
1834
1834
1837
1834
4985477
th_two_end
hook_fire_data average, 6892.02
