CPU ? (): dev: devices inited
CPU ? (): chardev: init
CPU ? (): blkdev: init
CPU ? (): netdev: init
Welcome to                                         
    _   __               __   _  __                
   / | / /____ _ __  __ / /_ (_)/ /__  __ _____    
  /  |/ // __ `// / / // __// // // / / // ___/    
 / /|  // /_/ // /_/ // /_ / // // /_/ /(__  )     
/_/ |_/ \__,_/ \__,_/ \__//_//_/ \__,_//____/  
+===============================================+  
 Kyle C. Hale (c) 2014 | Northwestern University   
+===============================================+  

Detected GenuineIntel Processor
CPU ? (): DEBUG: Increasing kern end to 0x004d5e52
BOOTMEM: Setting up boot memory allocator
BOOTMEM: Memory map[0] - [0x00000000 - 0x0009f000] <usable RAM>
BOOTMEM: Memory map[1] - [0x000a0000 - 0x000a0000] <reserved>
BOOTMEM: Memory map[2] - [0x000f0000 - 0x00100000] <reserved>
BOOTMEM: Memory map[3] - [0x00100000 - 0x7fffe000] <usable RAM>
BOOTMEM: Memory map[4] - [0x7fffe000 - 0x80000000] <reserved>
BOOTMEM: Memory map[5] - [0xfeffc000 - 0xff000000] <reserved>
BOOTMEM: Memory map[6] - [0xfffc0000 - 0x100000000] <reserved>
BOOTMEM: Detected 2047.646144 MB (2049 pages) of usable System RAM
CPU ? (): DEBUG: Multiboot info size 440B
CPU ? (): DEBUG: Image load base: 0x100040
CPU ? (): DEBUG: Kernel Cmd line: 
CPU ? (): DEBUG: Boot loader: GRUB 2.04
CPU ? (): DEBUG: Unhandled tag type (0xa)
CPU ? (): DEBUG: Found module: 
CPU ? (): DEBUG:   type:     0x00000003
CPU ? (): DEBUG:   size:     0x00000011
CPU ? (): DEBUG:   mod_start 0x004c9000
CPU ? (): DEBUG:   mod_end   0x004d5e52
CPU ? (): DEBUG:   args:     
CPU ? (): DEBUG: Found symbol table module
CPU ? (): DEBUG: Multiboot2 memory map detected
CPU ? (): DEBUG: ELF size=20, num=0, entsize=0, shndx=0, sechdr=0x00000801
CPU ? (): DEBUG: Multiboot2 basic meminfo detected
CPU ? (): DEBUG: Boot device: (biosdev=0xe0,slice=4294967295,part=4294967295)
CPU ? (): DEBUG: fb addr: 0x000b8000, fb_width: 80, fb_height: 25
CPU ? (): DEBUG: Old ACPI: rsdp=0x004c86d8
ACPI: Parsing ACPI root table (at 0x000f61f0)
ACPI: RSDP 00000000000f61f0 00014 (v00 BOCHS )
ACPI: RSDT 000000007ffffc2a 00034 (v01 BOCHS  BXPCRSDT 00000001 BXPC 00000001)
ACPI: root table checksum pass
ACPI: FACP 000000007ffff1c0 00074 (v01 BOCHS  BXPCFACP 00000001 BXPC 00000001)
ACPI: SSDT 000000007ffff234 0093E (v01 BOCHS  BXPCSSDT 00000001 BXPC 00000001)
ACPI: APIC 000000007ffffb72 00080 (v01 BOCHS  BXPCAPIC 00000001 BXPC 00000001)
ACPI: HPET 000000007ffffbf2 00038 (v01 BOCHS  BXPCHPET 00000001 BXPC 00000001)
ACPI: Done parsing ACPI root table
SMP: Detected 2 CPUs
NUMA: Parsing ACPI NUMA information...
NUMA: DONE.
CPU ? (): WARNING: NUMA: Associate Domains using ADHOC METHOD
Remapping phys mem [0x00000000 - 0x100000000] with 1GB pages
CPU ? (): KMEM: Malloc configured to support a maximum of: 0x7ff9d000 bytes of physical memory
BOOTMEM: Adding boot memory regions to the kernel memory pool:
BOOTMEM:     [Domain 00 : Region 00] (0.00 MB)
BOOTMEM:     [Domain 00 : Region 01] (2124.414976 MB)
BOOTMEM:     =======
BOOTMEM:     [TOTAL] (2124.414976 MB)
Disabling legacy 8259 PIC
Initializing i8254 PIT
CPU 0 (P 0 "*none*"): dev: Added device with name i8254, type 2, flags 0x0
CPU 0 (P 0 "*none*"): timehook: inited
CPU 0 (P 0 "*none*"): dev: Added device with name ioapic0, type 1, flags 0x0
CPU 0 (P 0 "*none*"): waitqueue: inited
CPU 0 (P 0 "*none*"): future: inited (seeded pool with 256 futures)
CPU 0 (P 0 "*none*"): timer: Timers inited
CPU 0 (P 0 "*none*"): APIC: Detected APIC 0x0 at 1000428800 Hz and cycles per us as 2298 (core at 2298000000 Hz) calibration mode=0
CPU 0 (P 0 "*none*"): APIC: Detected APIC 0x0 CPU cycles per tick as 36 cycles (min was 36)
CPU 0 (P 0 "*none*"): dev: Added device with name apic0, type 1, flags 0x0
CPU 0 (P 0 "*none*"): semaphore: inited
CPU 0 (P 0 "*none*"): msg_queue: inited
CPU 0 (P 0 "*none*"): ps2: init
CPU 0 (P 0 "*none*"): dev: Added device with name ps2-keyboard, type 0, flags 0x0
PCI: Probing PCI bus...
PCI: 0000:00:00.0 8086:1237 (rev 2)
PCI: 0000:00:01.0 8086:7000 (rev 0)
PCI: [0000:01.0] Multifunction Device detected
PCI: 0000:00:01.1 8086:7010 (rev 0)
PCI: 0000:00:01.3 8086:7113 (rev 3)
PCI: 0000:00:02.0 1234:1111 (rev 0)
PCI: 0000:00:03.0 8086:100e (rev 3)
CPU 0 (P 0 "*none*"): dev: Added device with name pci0, type 3, flags 0x0
CPU 0 (P 0 "*none*"): dev: Added device with name isa, type 3, flags 0x0
CPU 0 (P 0 "*none*"): Scheduler: Initializing scheduler on BSP
CPU 0 (P 1 "*unnamed*"): group_sched: Inited
BOOTMEM: Reclaiming boot sections and data:
BOOTMEM:     [Boot alloc. page map] (0.264 MB)
BOOTMEM:     [Boot page tables and stack]     (0.4096 MB)
BOOTMEM:     =======
BOOTMEM:     [TOTAL] (2.109704 MB)
BOOTMEM:     Boot allocation range: 0x00800000-0x013066c0
CPU 0 (P 1 "*unnamed*"): KMEM:    boot range: 0x00800000-0x013066c0   kmem private: 0x00805000-0x013066c0
SMP: Setting up cross-core IPI event queue
CPU 1 (P 0 "*none*"): dev: Added device with name apic1, type 1, flags 0x0
CPU 1 (P 2 "*unnamed*"): timehook: inited
MWAIT not supported
CPU 0 (P 1 "*unnamed*"): dev: Added device with name vga, type 0, flags 0x0
CPU 0 (P 1 "*unnamed*"): dev: Added device with name serial-boot, type 0, flags 0x0
CPU 0 (P 1 "*unnamed*"): chardev: register device serial0
CPU 0 (P 1 "*unnamed*"): dev: Added device with name serial0, type 4, flags 0x0
CPU 1 (P 2 "*unnamed*"): fiber: Starting fiber thread for CPU 1
CPU 1 (P 2 "*unnamed*"): fiber: Fiber thread launched on cpu 1 as 0x00300000
CPU 1 (P 3 "(fiber)"): fiber: CPUID --- 1u
CPU 0 (P 1 "*unnamed*"): fiber: Initializing fibers on BSP
CPU 0 (P 1 "*unnamed*"): timehook: nk_time_hook_register(0x003e15b0,0x00000000,period_ns=435 (cycles=999), cpu=4294967294, cpu_mask=0x00000000
CPU 0 (P 1 "*unnamed*"): fiber: Starting fiber thread for CPU 0
CPU 0 (P 1 "*unnamed*"): fiber: Fiber thread launched on cpu 0 as 0x00302000
CPU 0 (P 1 "*unnamed*"): vc: init
List of VCs (space to regenerate, plus for new shell)

a : default
b : system-log
c : vc-list
CPU 0 (P 1 "*unnamed*"): vc: List launched
CPU 0 (P 1 "*unnamed*"): fs: inited
PMC: Initializing PMC subsystem
parsing cmdline 
CPU 0 (P 1 "*unnamed*"): Shell root-shell launched on cpu 0 as 000000000016a000
CPU 0 (P 1 "*unnamed*"): timehook: time hook ready set
Nautilus boot thread yielding (indefinitely)
root-shell> ftimehook1
root-shell> PRINTSTART
time_interval: 0
PRINTEND
hook_time_index 1000
th_one_start
512
500
497
69
69
69
497
69
69
69
69
69
69
69
69
69
74
69
69
69
72
69
69
69
69
69
69
69
69
69
72
69
69
69
69
69
69
69
69
69
72
69
69
69
69
69
69
69
501
69
69
69
69
69
69
69
69
69
72
69
69
69
69
69
69
69
69
69
72
69
69
69
69
69
69
69
69
69
72
69
69
69
69
69
69
69
69
69
72
69
69
69
69
69
69
69
69
69
72
69
69
69
69
69
69
69
69
69
74
69
69
69
69
69
69
72
1018
69
69
23980
63
68
68
68
68
68
63
68
68
71
63
68
68
68
68
68
63
68
68
63
68
68
68
68
68
63
68
68
68
66
68
68
63
68
63
63
68
68
63
68
68
68
63
499
68
68
63
63
68
68
63
68
68
68
68
68
63
68
68
68
63
68
68
68
68
63
68
68
68
63
68
68
63
68
68
63
68
68
63
68
68
68
63
68
63
68
68
68
63
71
68
63
68
68
63
68
68
63
71
68
68
63
68
503
65
64
64
65
65
64
65
64
64
64
65
64
64
65
64
64
65
64
64
65
64
64
65
65
64
65
65
64
65
65
67
64
65
64
64
65
64
64
65
68
64
64
65
64
64
65
64
65
64
64
67
65
64
64
65
67
64
65
64
64
65
65
67
64
65
64
64
64
500
68
64
65
65
64
65
65
64
65
64
64
64
65
64
64
65
64
64
65
64
64
65
64
64
65
65
64
65
64
64
67
65
64
64
65
64
64
65
64
68
65
64
64
65
65
64
65
65
64
65
65
64
64
65
64
64
65
67
64
65
65
64
65
64
64
65
65
64
65
64
64
506
64
68
65
64
64
65
67
65
65
64
64
65
64
64
65
64
64
65
65
64
65
65
67
64
65
64
65
64
64
67
65
64
64
65
64
64
65
64
67
65
65
64
64
65
64
64
64
64
64
68
64
64
65
64
67
65
64
64
64
65
64
68
65
64
64
65
64
65
65
64
64
500
65
65
64
65
64
64
64
65
64
64
65
64
64
65
64
64
65
64
64
65
64
64
65
64
64
65
68
64
64
65
64
64
65
64
64
68
64
64
65
64
64
65
65
64
68
64
64
64
65
64
64
65
64
67
65
64
64
65
65
64
65
65
64
65
64
64
64
68
64
64
65
64
500
64
68
64
64
64
65
64
64
65
64
64
65
64
64
65
64
64
68
65
64
65
64
64
64
68
64
64
65
64
64
65
64
64
68
64
64
65
65
64
65
65
64
65
65
67
64
65
64
64
68
64
64
65
65
64
65
68
64
65
65
64
65
64
64
64
65
64
64
65
64
64
503
65
65
64
64
65
64
64
65
64
64
65
65
64
65
65
64
64
65
64
65
64
67
64
65
64
64
65
64
64
65
67
64
65
65
64
64
65
64
65
64
64
64
65
64
64
65
64
64
65
64
64
65
64
64
65
65
64
65
65
64
65
65
64
64
65
64
64
65
64
64
65
65
503
64
64
65
64
64
65
64
65
65
64
64
65
64
64
68
64
64
65
65
64
64
65
64
64
65
64
65
65
64
64
65
64
64
65
64
64
65
64
64
64
65
64
64
65
64
64
68
64
64
65
64
64
65
65
64
65
64
64
67
65
64
64
65
64
64
65
64
65
65
64
64
491
65
64
64
65
67
64
65
65
64
65
65
67
65
65
64
65
68
64
64
65
64
64
65
64
64
68
65
64
64
65
64
64
65
64
65
64
64
64
65
64
64
68
64
64
65
64
64
65
65
64
68
65
64
64
64
64
64
65
64
64
65
64
64
65
67
64
65
65
64
65
65
64
506
64
65
64
64
64
65
64
64
65
67
64
65
64
64
65
64
64
65
64
64
65
64
64
64
65
64
64
65
64
64
65
64
513
503
65
64
64
65
64
64
65
64
64
65
64
64
65
65
64
65
65
64
65
65
64
64
65
64
64
65
64
64
65
65
67
65
65
64
65
65
64
65
64
64
64
65
64
64
65
64
64
65
64
67
65
65
500
64
64
65
64
64
68
64
64
65
64
64
65
65
64
65
64
64
64
65
64
64
65
64
64
65
64
64
65
64
64
65
64
64
65
64
64
64
65
64
64
65
64
64
65
64
65
65
491
64
64
65
64
64
68
64
64
65
64
64
65
65
64
65
65
67
65
65
64
64
65
64
64
65
64
64
65
68
64
65
65
64
65
65
64
65
64
64
67
65
64
64
65
67
64
503
65
65
64
64
68
64
64
65
64
64
65
68
64
th_one_end
hook_data average, 98.641
th_two_start
20
20
23
18
23
20
23
23
20
20
20
23
20
20
20
20
20
20
23
18
20
18
20
20
20
20
20
20
23
20
20
20
20
20
20
20
20
20
23
20
20
20
20
18
20
20
20
20
20
20
23
23
20
20
20
18
20
20
20
20
23
23
18
20
20
20
20
20
20
18
23
23
20
20
18
20
20
20
20
20
23
23
20
20
20
20
20
20
20
20
23
23
20
18
20
20
20
20
18
20
23
23
20
20
20
20
20
20
20
20
23
23
20
20
23
20
20
20
23
42
18
23
18
26
18
18
18
26
18
18
21
18
18
23
18
18
26
18
18
18
23
18
18
18
21
18
23
21
18
18
21
18
18
18
21
23
18
18
18
23
18
21
23
18
18
18
21
23
18
18
18
26
18
23
21
18
18
18
21
21
23
18
21
18
18
21
26
18
18
18
23
21
18
18
18
18
18
18
21
23
18
18
21
18
18
23
18
21
18
18
21
18
23
18
26
18
18
18
23
21
18
18
21
18
19
21
19
19
18
18
22
18
18
19
22
18
19
19
18
19
19
21
19
19
21
18
19
18
21
22
18
18
19
18
18
19
19
21
18
19
21
19
18
18
18
19
18
18
19
18
18
22
18
18
19
19
18
22
19
18
22
18
18
18
19
18
18
19
21
18
19
21
18
18
18
19
18
18
19
18
18
19
18
18
22
18
18
19
22
21
19
18
18
21
19
21
18
22
18
18
22
18
19
19
18
18
19
18
21
22
18
18
19
22
18
18
22
18
18
19
18
18
19
22
18
22
18
21
19
19
18
19
18
18
18
19
21
18
19
18
18
22
18
18
18
18
19
18
21
19
18
18
22
22
18
22
19
21
18
22
21
19
18
21
18
22
18
18
19
18
18
22
18
18
19
19
18
22
19
18
22
18
18
18
19
18
18
19
18
18
19
21
18
19
19
18
19
22
18
18
22
18
19
19
18
18
19
18
21
19
18
21
19
19
18
22
18
19
18
18
19
18
19
19
21
18
19
18
21
22
18
18
19
22
18
21
19
21
18
19
21
19
19
18
18
19
18
18
22
22
18
19
18
21
18
19
21
18
19
18
18
19
21
18
19
22
18
22
19
18
19
18
18
18
19
18
21
19
18
18
19
21
19
19
18
18
22
19
18
18
18
19
21
21
19
22
18
22
19
21
22
18
18
21
19
21
18
19
18
18
19
21
19
19
18
18
19
22
18
19
22
18
19
19
18
18
19
18
18
19
18
22
19
18
18
19
18
21
19
19
21
19
18
18
18
19
18
18
22
18
18
22
18
18
19
22
18
22
19
21
19
18
19
19
21
19
19
18
22
22
18
19
18
21
18
22
18
21
19
18
21
19
18
18
19
19
18
19
22
21
19
18
18
21
19
18
21
19
18
18
22
18
18
19
18
18
22
19
18
19
19
21
19
19
21
18
19
18
21
22
18
18
22
18
18
22
22
18
19
19
21
19
18
18
18
18
19
18
21
19
18
18
22
19
18
18
19
21
18
19
21
19
19
18
21
19
18
18
22
18
18
22
18
18
18
22
18
21
19
21
21
19
18
21
19
18
21
19
18
18
19
18
21
18
19
18
18
22
18
18
22
18
19
19
18
18
19
18
18
19
18
18
19
19
21
18
19
19
18
19
19
18
22
19
18
18
19
18
18
22
21
18
19
19
18
19
19
18
22
22
18
19
18
21
18
19
21
18
19
18
21
19
18
18
19
19
18
19
19
21
22
18
18
21
19
21
18
19
18
18
19
18
18
19
22
18
19
19
21
19
19
18
22
22
18
21
19
21
18
18
18
19
21
18
19
18
18
22
18
18
22
18
18
18
22
18
18
19
21
18
19
21
19
19
18
21
19
21
18
22
21
18
18
19
21
18
19
18
21
22
18
18
19
22
18
21
22
18
18
19
18
19
19
19
21
19
19
18
22
19
18
22
18
18
18
19
18
18
22
21
18
19
18
21
19
22
18
22
19
18
22
18
18
18
19
18
18
18
22
22
18
19
18
21
18
19
21
18
19
18
21
19
18
18
19
18
21
19
18
18
19
21
18
18
22
18
18
19
21
21
19
18
22
19
18
21
22
18
18
19
21
18
19
19
18
18
22
19
18
19
19
18
19
19
18
18
22
18
18
19
18
18
22
18
18
22
22
18
19
19
21
19
18
18
18
19
18
18
19
18
18
22
18
18
19
18
18
22
19
18
22
18
19
19
18
19
19
18
22
19
18
19
18
18
18
th_two_end
hook_fire_data average, 19.298
: