CPU ? (): dev: devices inited
CPU ? (): chardev: init
CPU ? (): blkdev: init
CPU ? (): netdev: init
Welcome to                                         
    _   __               __   _  __                
   / | / /____ _ __  __ / /_ (_)/ /__  __ _____    
  /  |/ // __ `// / / // __// // // / / // ___/    
 / /|  // /_/ // /_/ // /_ / // // /_/ /(__  )     
/_/ |_/ \__,_/ \__,_/ \__//_//_/ \__,_//____/  
+===============================================+  
 Kyle C. Hale (c) 2014 | Northwestern University   
+===============================================+  

Detected GenuineIntel Processor
CPU ? (): DEBUG: Increasing kern end to 0x0048dca7
BOOTMEM: Setting up boot memory allocator
BOOTMEM: Memory map[0] - [0x00000000 - 0x0009f000] <usable RAM>
BOOTMEM: Memory map[1] - [0x000a0000 - 0x000a0000] <reserved>
BOOTMEM: Memory map[2] - [0x000f0000 - 0x00100000] <reserved>
BOOTMEM: Memory map[3] - [0x00100000 - 0x7fffe000] <usable RAM>
BOOTMEM: Memory map[4] - [0x7fffe000 - 0x80000000] <reserved>
BOOTMEM: Memory map[5] - [0xfeffc000 - 0xff000000] <reserved>
BOOTMEM: Memory map[6] - [0xfffc0000 - 0x100000000] <reserved>
BOOTMEM: Detected 2047.646144 MB (2049 pages) of usable System RAM
CPU ? (): DEBUG: Multiboot info size 440B
CPU ? (): DEBUG: Image load base: 0x100040
CPU ? (): DEBUG: Kernel Cmd line: 
CPU ? (): DEBUG: Boot loader: GRUB 2.04
CPU ? (): DEBUG: Unhandled tag type (0xa)
CPU ? (): DEBUG: Found module: 
CPU ? (): DEBUG:   type:     0x00000003
CPU ? (): DEBUG:   size:     0x00000011
CPU ? (): DEBUG:   mod_start 0x00481000
CPU ? (): DEBUG:   mod_end   0x0048dca7
CPU ? (): DEBUG:   args:     
CPU ? (): DEBUG: Found symbol table module
CPU ? (): DEBUG: Multiboot2 memory map detected
CPU ? (): DEBUG: ELF size=20, num=0, entsize=0, shndx=0, sechdr=0x00365b3c
CPU ? (): DEBUG: Multiboot2 basic meminfo detected
CPU ? (): DEBUG: Boot device: (biosdev=0xe0,slice=4294967295,part=4294967295)
CPU ? (): DEBUG: fb addr: 0x000b8000, fb_width: 80, fb_height: 25
CPU ? (): DEBUG: Old ACPI: rsdp=0x004806c8
ACPI: Parsing ACPI root table (at 0x000f6230)
ACPI: RSDP 00000000000f6230 00014 (v00 BOCHS )
ACPI: RSDT 000000007ffffbc1 00034 (v01 BOCHS  BXPCRSDT 00000001 BXPC 00000001)
ACPI: root table checksum pass
ACPI: FACP 000000007ffff1c0 00074 (v01 BOCHS  BXPCFACP 00000001 BXPC 00000001)
ACPI: SSDT 000000007ffff234 008DD (v01 BOCHS  BXPCSSDT 00000001 BXPC 00000001)
ACPI: APIC 000000007ffffb11 00078 (v01 BOCHS  BXPCAPIC 00000001 BXPC 00000001)
ACPI: HPET 000000007ffffb89 00038 (v01 BOCHS  BXPCHPET 00000001 BXPC 00000001)
ACPI: Done parsing ACPI root table
SMP: Detected 1 CPUs
NUMA: Parsing ACPI NUMA information...
NUMA: DONE.
CPU ? (): WARNING: NUMA: Associate Domains using ADHOC METHOD
Remapping phys mem [0x00000000 - 0x100000000] with 1GB pages
CPU ? (): KMEM: Malloc configured to support a maximum of: 0x7ff9d000 bytes of physical memory
BOOTMEM: Adding boot memory regions to the kernel memory pool:
BOOTMEM:     [Domain 00 : Region 00] (0.00 MB)
BOOTMEM:     [Domain 00 : Region 01] (2124.414976 MB)
BOOTMEM:     =======
BOOTMEM:     [TOTAL] (2124.414976 MB)
Disabling legacy 8259 PIC
Initializing i8254 PIT
CPU 0 (P 0 "*none*"): dev: Added device with name i8254, type 2, flags 0x0
CPU 0 (P 0 "*none*"): timehook: inited
CPU 0 (P 0 "*none*"): dev: Added device with name ioapic0, type 1, flags 0x0
CPU 0 (P 0 "*none*"): waitqueue: inited
CPU 0 (P 0 "*none*"): future: inited (seeded pool with 256 futures)
CPU 0 (P 0 "*none*"): timer: Timers inited
CPU 0 (P 0 "*none*"): APIC: Detected APIC 0x0 at 1000355200 Hz and cycles per us as 2298 (core at 2298000000 Hz) calibration mode=0
CPU 0 (P 0 "*none*"): APIC: Detected APIC 0x0 CPU cycles per tick as 36 cycles (min was 36)
CPU 0 (P 0 "*none*"): dev: Added device with name apic0, type 1, flags 0x0
CPU 0 (P 0 "*none*"): semaphore: inited
CPU 0 (P 0 "*none*"): msg_queue: inited
CPU 0 (P 0 "*none*"): ps2: init
CPU 0 (P 0 "*none*"): dev: Added device with name ps2-keyboard, type 0, flags 0x0
PCI: Probing PCI bus...
PCI: 0000:00:00.0 8086:1237 (rev 2)
PCI: 0000:00:01.0 8086:7000 (rev 0)
PCI: [0000:01.0] Multifunction Device detected
PCI: 0000:00:01.1 8086:7010 (rev 0)
PCI: 0000:00:01.3 8086:7113 (rev 3)
PCI: 0000:00:02.0 1234:1111 (rev 0)
PCI: 0000:00:03.0 8086:100e (rev 3)
CPU 0 (P 0 "*none*"): dev: Added device with name pci0, type 3, flags 0x0
CPU 0 (P 0 "*none*"): dev: Added device with name isa, type 3, flags 0x0
CPU 0 (P 0 "*none*"): Scheduler: Initializing scheduler on BSP
CPU 0 (P 1 "*unnamed*"): group_sched: Inited
BOOTMEM: Reclaiming boot sections and data:
BOOTMEM:     [Boot alloc. page map] (0.264 MB)
BOOTMEM:     [Boot page tables and stack]     (0.4096 MB)
BOOTMEM:     =======
BOOTMEM:     [TOTAL] (2.109704 MB)
BOOTMEM:     Boot allocation range: 0x00800000-0x01306640
CPU 0 (P 1 "*unnamed*"): KMEM:    boot range: 0x00800000-0x01306640   kmem private: 0x00805000-0x01306640
SMP: Setting up cross-core IPI event queue
MWAIT not supported
CPU 0 (P 1 "*unnamed*"): dev: Added device with name vga, type 0, flags 0x0
CPU 0 (P 1 "*unnamed*"): dev: Added device with name serial-boot, type 0, flags 0x0
CPU 0 (P 1 "*unnamed*"): chardev: register device serial0
CPU 0 (P 1 "*unnamed*"): dev: Added device with name serial0, type 4, flags 0x0
CPU 0 (P 1 "*unnamed*"): fiber: Initializing fibers on BSP
CPU 0 (P 1 "*unnamed*"): fiber: Starting fiber thread for CPU 0
CPU 0 (P 1 "*unnamed*"): fiber: Fiber thread launched on cpu 0 as 0x00102000
CPU 0 (P 1 "*unnamed*"): vc: init
List of VCs (space to regenerate, plus for new shell)

a : default
b : system-log
CPU 0 (P 1 "*unnamed*"): vc: List launched
CPU 0 (P 1 "*unnamed*"): fs: inited
PMC: Initializing PMC subsystem
parsing cmdline 
CPU 0 (P 1 "*unnamed*"): Shell root-shell launched on cpu 0 as 000000000187e000
Nautilus boot thread yielding (indefinitely)
c : vc-list
root-shell> fibertimehook1
root-shell> Benchmark 25 is finished
Benchmark 26 is finished
PRINTSTART
31803503882
31803505411
1239
1231
1173
1210
1144
1130
1147
1133
1142
1132
1147
1130
1147
1130
1147
1130
1145
1132
1150
1132
1142
1130
1145
1250
1196
1153
1167
1153
1170
1153
1170
1155
1168
1155
1170
1153
1170
1153
1170
1153
1168
1153
1170
1153
1170
1153
1170
1155
1170
1153
1170
1153
1170
1155
1168
1155
1168
1153
1170
1153
1170
1153
1170
1153
1170
1153
1170
1153
1170
1153
1170
1153
1170
1153
1170
1153
1170
1155
1170
1153
1170
1153
1170
1153
1168
1153
1170
1155
1170
1153
1170
1153
1170
1153
1168
1153
1167
1153
1167
1153
1167
1155
1170
1153
1170
1153
1170
1153
1167
1153
1170
1155
1167
1153
1170
1153
1170
1153
1170
1153
1170
1155
1168
1153
1170
1153
1167
1153
1170
1155
1167
1153
1170
1153
1170
1155
1170
1153
1167
1153
1170
1153
1170
1153
1167
1153
1170
1153
1167
1153
1170
1153
1168
1153
1168
1153
1167
1153
1170
1153
1165
1153
1170
1153
1170
1153
1170
1153
1165
1153
1167
1153
1167
1153
1170
1153
1165
1153
1167
1153
1170
1153
1170
1155
1170
1153
1167
1153
1167
1153
1167
1155
1170
1153
1167
1153
1167
1155
1170
1153
1170
1153
1170
1153
1167
1155
1167
1153
1167
1153
1170
1155
1165
1155
1167
1153
1170
1153
1170
1153
1168
1153
1167
1153
1167
1153
1167
1153
1170
1153
1167
1153
1167
1153
1168
1153
1170
1153
1170
1153
1170
1153
1168
1153
1168
1153
1170
1153
1170
1153
1168
1153
1170
1153
1170
1153
1170
1153
1168
1153
1170
1153
1170
1153
1170
1153
1170
1153
1170
1153
1170
1153
1170
1155
1170
1153
1170
1153
1170
1155
1170
1153
1170
1153
1170
1153
1170
1153
1170
1153
1170
1153
1170
1153
1170
1155
1170
1153
1170
1153
1167
1153
1170
1153
1170
1153
1167
1153
1170
1153
1165
1155
1170
1153
1170
1153
1170
1153
1165
1153
1170
1153
1170
1153
1165
1155
1170
1153
1167
1153
1170
1153
1168
1153
1168
1153
1167
1153
1170
1153
1168
1153
1167
1153
1170
1153
1167
1153
1168
1153
1170
1153
1170
1153
1165
1153
1170
1153
1170
1153
1167
1153
1170
1155
1167
1153
1170
1153
1170
1155
1170
1153
1167
1153
1170
1153
1170
1153
1167
1153
1170
1153
1167
1153
1170
1153
1170
1153
1170
1153
1167
1155
1168
1155
1170
1153
1167
1153
1170
1153
1165
1153
1170
1153
1170
1153
1170
1155
1167
1153
1170
1153
1170
1155
1165
1153
1168
1153
1167
1153
1170
1155
1170
1153
1170
1153
1167
1153
1170
1153
1170
1153
1167
1153
1170
1153
1165
1155
1170
1153
1170
1153
1170
1153
1165
1153
1170
1153
1170
1153
1165
1155
1170
1153
1167
1153
1167
1153
1165
1153
1165
1153
1170
1153
1170
1153
1168
1153
1167
1153
1170
1153
1168
1153
1170
1153
1170
1153
1167
1153
1170
1155
1168
1153
1170
1155
1170
1153
1167
1153
1170
1188
1170
1153
1170
1153
1170
1153
1170
1153
1170
1153
1170
1153
1168
1155
1168
1153
1170
1153
1167
1153
1167
1153
1167
1153
1170
1153
1165
1153
1167
1155
1170
1153
1170
1153
1168
1153
1170
1153
1170
1153
1170
1153
1170
1155
1168
1155
1170
1153
1167
1153
1170
1153
1165
1155
1170
1153
1170
1153
1170
1153
1165
1153
1170
1153
1170
1153
1165
1155
1170
1153
1167
1153
1170
1153
1168
1153
1168
1153
1167
1153
1170
1153
1168
1153
1167
1153
1170
1153
1167
1153
1168
1153
1170
1153
1170
1153
1165
1153
1170
1153
1170
1153
1167
1153
1170
1155
1167
1153
1170
1153
1170
1155
1170
1153
1167
1153
1170
1153
1170
1153
1167
1153
1170
1153
1167
1153
1170
1153
1170
1153
1170
1153
1167
1155
1168
1155
1170
1153
1167
1153
1170
1153
1165
1153
1170
1153
1170
1153
1170
1155
1167
1153
1170
1153
1170
1155
1165
1153
1168
1153
1167
1153
1170
1155
1170
1153
1170
1153
1167
1153
1170
1153
1170
1153
1167
1153
1170
1153
1165
1155
1170
1153
1170
1153
1170
1153
1165
1153
1170
1153
1170
1153
1165
1155
1170
1153
1167
1153
1170
1153
1168
1153
1168
1153
1167
1153
1170
1153
1168
1153
1167
1153
1170
1153
1167
1153
1168
1153
1170
1153
1170
1153
1165
1153
1170
1153
1170
1153
1167
1153
1170
1155
1167
1153
1170
1153
1170
1155
1170
1153
1167
1153
1170
1153
1170
1153
1167
1153
1170
1153
1167
1153
1170
1153
1170
1153
1170
1153
1170
1153
1170
1155
1170
1153
1170
1153
1167
1153
1168
1153
1170
1153
1170
1153
1170
1153
1170
1153
1170
1153
1170
1153
1168
1155
1165
1153
1170
1153
1170
1153
1168
1153
1168
1153
1170
1153
1170
1153
1168
1153
1170
1153
1167
1153
1170
1155
1168
1153
1170
1153
1170
1153
1168
1153
1165
1153
1167
1153
1170
1153
1170
1155
1170
1153
1167
1153
1167
1153
1167
1155
1170
1153
1167
1153
1167
1155
1170
1153
1170
1153
1170
1153
1167
1155
1167
1153
1167
1153
1170
1155
1165
1155
1167
1153
1176
1153
1170
1153
1170
1153
1168
1153
1170
1153
1170
1153
1170
1153
1170
1153
1170
1153
1170
1153
1170
1155
1170
1153
1170
1153
1170
1155
1170
1153
1170
1153
1170
1153
1170
1153
1170
1153
1170
1153
1170
1153
1170
1155
1170
1153
1170
1153
1170
1155
1168
1155
1170
1153
1170
1153
1170
1153
1168
1153
1170
1153
1170
1153
1170
1155
1170
1153
1170
1153
1170
1155
1168
1155
1168
1153
1170
1153
1170
1153
1170
1153
1170
1153
1170
1153
1170
1153
1170
1153
1170
1153
1170
1153
1170
1155
1170
1153
1170
1153
1170
1153
1168
1153
1170
1153
1170
1153
1170
1153
1170
1153
1170
1153
1170
1153
1168
1153
1168
1153
1170
1153
1170
1153
1168
1153
1170
1153
1170
1153
1170
1153
1168
1153
1170
1153
1170
1153
1170
1153
1170
1153
1170
1153
1170
1153
1170
1155
1170
1153
1170
1153
PRINTEND
hook_time_index 1000
th_one_start
69
69
69
69
69
69
69
69
69
69
69
69
69
69
69
69
69
69
69
69
83
69
69
69
69
69
69
69
69
69
69
69
69
69
69
69
69
69
69
69
69
69
69
69
69
69
69
69
69
69
69
69
69
69
69
69
69
69
69
69
69
69
69
69
69
69
69
69
69
69
69
69
69
69
69
69
69
69
69
69
69
69
69
69
69
69
69
69
69
69
69
69
69
69
69
69
69
69
69
69
69
69
69
69
69
69
69
69
69
69
69
69
69
69
69
69
69
69
69
69
69
69
69
69
69
69
69
69
69
69
69
69
69
69
69
69
69
69
69
69
69
69
69
69
69
69
69
69
69
69
69
69
69
69
69
69
69
69
69
69
69
69
69
69
69
69
69
69
69
69
69
69
69
69
69
69
69
69
69
69
69
69
69
69
69
69
69
69
69
69
69
69
69
69
69
69
69
69
69
69
69
69
69
69
69
69
69
69
69
69
69
69
69
69
69
69
69
69
69
69
69
69
69
69
69
69
69
69
69
69
69
69
69
69
69
69
69
69
69
69
69
69
69
69
69
69
69
69
69
69
69
69
69
69
69
69
69
69
69
69
69
69
69
69
69
69
69
69
69
69
69
69
69
69
69
69
69
69
69
69
69
69
69
69
69
69
69
69
69
69
69
69
69
69
69
69
69
69
69
69
69
69
69
69
69
69
69
69
69
69
69
69
69
69
69
69
69
69
69
69
69
69
69
69
69
69
69
69
69
69
69
69
69
69
69
69
69
69
69
69
69
69
69
69
69
69
69
69
69
69
69
69
69
69
69
69
69
69
69
69
69
69
69
69
69
69
69
69
69
69
69
69
69
69
69
69
69
69
69
69
69
69
69
69
69
69
69
69
69
69
69
69
69
69
69
69
69
69
69
69
69
69
69
69
69
69
69
69
69
69
69
69
69
69
69
69
69
69
69
69
69
69
69
69
69
69
69
69
69
69
69
69
69
69
69
69
69
69
69
69
69
69
69
69
69
69
69
69
69
69
69
69
69
69
69
69
69
69
69
69
69
69
69
69
69
69
69
69
69
69
69
69
69
69
69
69
69
69
69
69
69
69
69
69
69
69
69
69
69
69
69
69
69
69
69
69
69
69
69
69
69
69
69
69
69
69
69
69
69
69
69
69
69
69
69
69
69
69
69
69
69
69
69
69
69
69
69
69
69
69
69
69
69
69
69
69
69
69
69
69
69
69
69
69
69
69
69
69
69
69
69
69
69
69
69
69
69
69
69
69
69
69
69
69
69
69
69
69
69
69
69
69
69
69
69
69
69
69
69
69
69
69
69
69
69
69
69
69
69
69
69
69
69
69
69
69
69
69
69
69
69
69
69
69
69
69
69
69
69
69
69
69
69
69
69
69
69
69
69
69
69
69
69
69
69
69
69
69
69
69
69
69
69
69
69
69
69
69
69
69
69
69
69
69
69
69
69
69
69
69
69
69
69
69
69
69
69
69
69
69
69
69
69
69
69
69
69
69
69
69
69
69
69
69
69
69
69
69
69
69
69
69
69
69
69
69
69
69
69
69
69
69
69
69
69
69
69
69
69
69
69
69
69
69
69
69
69
69
69
69
69
69
69
69
69
69
69
69
69
69
69
69
69
69
69
69
69
69
69
69
69
69
69
69
69
69
69
69
69
69
69
69
69
69
69
69
69
69
69
69
69
69
69
69
69
69
69
69
69
69
69
69
69
69
69
69
69
69
69
69
69
69
69
69
69
69
69
69
69
69
69
69
69
69
69
69
69
69
69
69
69
69
69
69
69
69
69
69
69
69
69
69
69
69
69
69
69
69
69
69
69
69
69
69
69
69
69
69
69
69
69
69
69
69
69
69
69
69
69
69
69
69
69
69
69
69
69
69
69
69
69
69
69
72
69
69
69
69
69
69
69
69
69
69
69
69
69
69
69
69
69
69
69
69
69
69
69
69
69
69
69
69
69
69
69
69
69
69
69
69
69
69
69
69
69
69
69
69
69
69
69
69
69
69
69
69
69
69
69
69
69
69
69
69
69
69
69
69
69
69
69
69
69
69
69
69
69
69
69
69
69
69
69
69
69
69
69
69
69
69
69
69
69
69
69
69
69
69
69
69
69
69
69
69
69
69
69
69
69
69
69
69
69
69
69
69
69
69
69
69
69
69
69
69
69
69
69
69
69
69
69
69
69
69
69
69
69
69
69
69
69
69
69
69
69
69
69
69
69
69
69
69
69
69
69
th_one_end
hook_data average, 68.672
th_two_start
2070
2047
2064
2061
2076
2055
2059
2055
2076
2053
2064
2047
2070
2056
2073
2056
2070
2061
18124
18225
2136
2081
2093
2081
2093
2073
2087
2073
2096
2073
2082
2073
2096
2079
2090
2070
2090
2073
2088
2070
2087
2079
2093
2070
2085
2075
2096
2073
2084
2073
2096
2079
2090
2070
2090
2073
2090
2070
2087
2081
2093
2070
2087
2073
2096
2073
2082
2075
2096
2081
2090
2070
2090
2073
2090
2070
2087
2079
2093
2070
2142
2128
2208
2185
2082
2073
2096
2079
2090
2070
2248
2234
2090
2073
2090
2082
2093
2070
2208
2199
2096
2075
2082
2073
2093
2082
2093
2070
2090
2078
2087
2070
2217
2208
2093
2067
2087
2076
2093
2073
2174
2162
2093
2082
2093
2070
2090
2078
2087
2070
2090
2079
2093
2070
2085
2076
2096
2073
2084
2073
2093
2084
2093
2070
2090
2076
2185
2168
2090
2079
2093
2070
2087
2076
2234
2214
2087
2073
2093
2081
2090
2070
2090
2076
2090
2073
2088
2084
2093
2070
2084
2076
2096
2078
2085
2073
2093
2079
2090
2070
2090
2078
2090
2073
2090
2082
2093
2070
2082
2078
2096
2076
2087
2073
2093
2081
2088
2070
2090
2076
2090
2073
2090
2084
2093
2070
2084
2076
2096
2076
2085
2073
2093
2079
2090
2070
2090
2076
2088
2073
2090
2082
2093
2070
2082
2078
2096
2076
2087
2073
2096
2082
2090
2070
2088
2073
2090
2070
2087
2079
2093
2070
2087
2073
2096
2073
2084
2073
2098
2081
2090
2070
2090
2073
2090
2070
2085
2081
2093
2070
2087
2073
2096
2075
2082
2073
2096
2079
2090
2070
2090
2075
2090
2070
2087
2079
2093
2070
2085
2073
2096
2073
2084
2073
2096
2081
2088
2070
2090
2076
2090
2070
2090
2081
2093
2070
2087
2076
2096
2073
2082
2075
2093
2084
2093
2070
2090
2076
2085
2070
2090
2079
2093
2070
2087
2078
2098
2073
2084
2073
2093
2082
2093
2070
2088
2076
2087
2070
2090
2079
2093
2070
2087
2076
2096
2073
2084
2073
2093
2084
2093
2070
2090
2076
2087
2070
2090
2081
2093
2070
2087
2076
2096
2075
2082
2073
2093
2082
2093
2070
2090
2078
2087
2070
2090
2079
2093
2070
2085
2076
2096
2073
2084
2073
2093
2084
2093
2070
2090
2076
2087
2070
2088
2081
2093
2070
2087
2076
2096
2073
2082
2073
2093
2082
2093
2070
2090
2078
2085
2070
2090
2079
2093
2070
2085
2078
2096
2073
2084
2073
2093
2084
2093
2070
2090
2076
2087
2070
2090
2081
2093
2070
2087
2076
2096
2073
2082
2075
2093
2084
2093
2070
2090
2076
2085
2070
2090
2079
2093
2070
2087
2078
2098
2073
2084
2073
2093
2082
2093
2070
2200
2191
2090
2073
2090
2084
2093
2070
2225
2214
2096
2073
2084
2073
2093
2084
2179
2156
2090
2073
2088
2070
2193
2185
2228
2205
2087
2076
2093
2073
2168
2153
2205
2196
2093
2070
2087
2110
2622
2605
2231
2222
2093
2070
2087
2073
2154
2136
2182
2165
2093
2079
2090
2070
2193
2179
2088
2073
2090
2082
2093
2070
2159
2153
2223
2205
2087
2073
2093
2081
2194
2176
2234
2220
2090
2070
2088
2081
2150
2124
2191
2182
2096
2073
2082
2073
2093
2082
2257
2234
2090
2076
2085
2070
2090
2079
2093
2070
2087
2078
2098
2073
2084
2073
2093
2082
2093
2070
2088
2076
2087
2070
2090
2079
2093
2070
2087
2076
2096
2073
2084
2073
2093
2084
2093
2070
2090
2076
2087
2070
2090
2081
2093
2070
2087
2076
2096
2075
2082
2073
2093
2082
2093
2070
2090
2078
2087
2070
2090
2079
2093
2070
2085
2076
2096
2073
2084
2073
2093
2084
2093
2070
2090
2076
2087
2070
2088
2081
2093
2070
2087
2076
2096
2073
2082
2073
2093
2082
2093
2070
2090
2078
2085
2070
2090
2079
2093
2070
2085
2078
2096
2073
2084
2073
2093
2084
2093
2070
2090
2076
2087
2070
2090
2081
2093
2070
2087
2076
2096
2073
2082
2075
2093
2084
2093
2070
2090
2076
2085
2070
2090
2079
2093
2070
2087
2078
2098
2073
2084
2073
2093
2082
2093
2070
2088
2076
2087
2070
2090
2079
2093
2070
2087
2076
2096
2073
2084
2073
2093
2084
2093
2070
2090
2076
2087
2070
2090
2081
2093
2070
2087
2076
2096
2075
2082
2073
2093
2082
2093
2070
2090
2078
2087
2070
2090
2079
2093
2070
2085
2076
2096
2073
2084
2073
2093
2084
2093
2070
2090
2076
2087
2070
2093
2084
2093
2067
2087
2076
2093
2073
2085
2070
2093
2084
2093
2070
2087
2076
2088
2070
2090
2079
2093
2067
2087
2078
2093
2073
2087
2070
2093
2082
2093
2070
2085
2076
2090
2070
2090
2079
2093
2065
2087
2076
2093
2073
2087
2070
2093
2084
2093
2070
2087
2076
2090
2070
2090
2081
2093
2067
2087
2079
2096
2078
2085
2073
2093
2079
2090
2070
2090
2078
2090
2073
2090
2082
2093
2070
2082
2078
2096
2076
2087
2073
2093
2081
2088
2070
2090
2076
2090
2073
2090
2084
2093
2070
2084
2076
2096
2076
2085
2073
2101
2081
2090
2070
2090
2073
2090
2070
2085
2081
2093
2070
2087
2073
2096
2075
2082
2073
2096
2079
2090
2070
2090
2075
2090
2070
2087
2079
2093
2070
2085
2073
2096
2073
2084
2073
2096
2081
2088
2070
2090
2073
2090
2070
2085
2081
2093
2070
2087
2073
2096
2073
2082
2073
2096
2079
2090
2070
2090
2073
2088
2070
2087
2079
2093
2070
2085
2075
2096
2073
2084
2073
2096
2079
2090
2070
2090
2073
2090
2070
2087
2081
2093
2070
2087
2073
2096
2073
2082
2075
2096
2081
2090
2070
2090
2073
2090
2070
2087
2079
2093
2070
2087
2073
2098
2073
2084
2073
2096
2079
2090
2070
2088
2073
2090
2070
2087
2079
2093
2070
2087
2073
2096
2073
2084
2073
2098
2081
2090
2070
2090
2073
2090
2070
2085
2081
2093
2070
2087
2073
2096
2075
2082
2073
2096
2079
2090
2070
2090
2075
2090
2070
5062389
th_two_end
hook_fire_data average, 7170.87
