CPU ? (): dev: devices inited
CPU ? (): chardev: init
CPU ? (): blkdev: init
CPU ? (): netdev: init
Welcome to                                         
    _   __               __   _  __                
   / | / /____ _ __  __ / /_ (_)/ /__  __ _____    
  /  |/ // __ `// / / // __// // // / / // ___/    
 / /|  // /_/ // /_/ // /_ / // // /_/ /(__  )     
/_/ |_/ \__,_/ \__,_/ \__//_//_/ \__,_//____/  
+===============================================+  
 Kyle C. Hale (c) 2014 | Northwestern University   
+===============================================+  

Detected GenuineIntel Processor
CPU ? (): DEBUG: Increasing kern end to 0x00439ca7
BOOTMEM: Setting up boot memory allocator
BOOTMEM: Memory map[0] - [0x00000000 - 0x0009f000] <usable RAM>
BOOTMEM: Memory map[1] - [0x000a0000 - 0x000a0000] <reserved>
BOOTMEM: Memory map[2] - [0x000f0000 - 0x00100000] <reserved>
BOOTMEM: Memory map[3] - [0x00100000 - 0x7fffe000] <usable RAM>
BOOTMEM: Memory map[4] - [0x7fffe000 - 0x80000000] <reserved>
BOOTMEM: Memory map[5] - [0xfeffc000 - 0xff000000] <reserved>
BOOTMEM: Memory map[6] - [0xfffc0000 - 0x100000000] <reserved>
BOOTMEM: Detected 2047.646144 MB (2049 pages) of usable System RAM
CPU ? (): DEBUG: Multiboot info size 440B
CPU ? (): DEBUG: Image load base: 0x100040
CPU ? (): DEBUG: Kernel Cmd line: 
CPU ? (): DEBUG: Boot loader: GRUB 2.04
CPU ? (): DEBUG: Unhandled tag type (0xa)
CPU ? (): DEBUG: Found module: 
CPU ? (): DEBUG:   type:     0x00000003
CPU ? (): DEBUG:   size:     0x00000011
CPU ? (): DEBUG:   mod_start 0x0042d000
CPU ? (): DEBUG:   mod_end   0x00439ca7
CPU ? (): DEBUG:   args:     
CPU ? (): DEBUG: Found symbol table module
CPU ? (): DEBUG: Multiboot2 memory map detected
CPU ? (): DEBUG: ELF size=20, num=0, entsize=0, shndx=0, sechdr=0x00365b3c
CPU ? (): DEBUG: Multiboot2 basic meminfo detected
CPU ? (): DEBUG: Boot device: (biosdev=0xe0,slice=4294967295,part=4294967295)
CPU ? (): DEBUG: fb addr: 0x000b8000, fb_width: 80, fb_height: 25
CPU ? (): DEBUG: Old ACPI: rsdp=0x0042c6c8
ACPI: Parsing ACPI root table (at 0x000f6230)
ACPI: RSDP 00000000000f6230 00014 (v00 BOCHS )
ACPI: RSDT 000000007ffffbc1 00034 (v01 BOCHS  BXPCRSDT 00000001 BXPC 00000001)
ACPI: root table checksum pass
ACPI: FACP 000000007ffff1c0 00074 (v01 BOCHS  BXPCFACP 00000001 BXPC 00000001)
ACPI: SSDT 000000007ffff234 008DD (v01 BOCHS  BXPCSSDT 00000001 BXPC 00000001)
ACPI: APIC 000000007ffffb11 00078 (v01 BOCHS  BXPCAPIC 00000001 BXPC 00000001)
ACPI: HPET 000000007ffffb89 00038 (v01 BOCHS  BXPCHPET 00000001 BXPC 00000001)
ACPI: Done parsing ACPI root table
SMP: Detected 1 CPUs
NUMA: Parsing ACPI NUMA information...
NUMA: DONE.
CPU ? (): WARNING: NUMA: Associate Domains using ADHOC METHOD
Remapping phys mem [0x00000000 - 0x100000000] with 1GB pages
CPU ? (): KMEM: Malloc configured to support a maximum of: 0x7ff9d000 bytes of physical memory
BOOTMEM: Adding boot memory regions to the kernel memory pool:
BOOTMEM:     [Domain 00 : Region 00] (0.00 MB)
BOOTMEM:     [Domain 00 : Region 01] (2124.414976 MB)
BOOTMEM:     =======
BOOTMEM:     [TOTAL] (2124.414976 MB)
Disabling legacy 8259 PIC
Initializing i8254 PIT
CPU 0 (P 0 "*none*"): dev: Added device with name i8254, type 2, flags 0x0
CPU 0 (P 0 "*none*"): timehook: inited
CPU 0 (P 0 "*none*"): dev: Added device with name ioapic0, type 1, flags 0x0
CPU 0 (P 0 "*none*"): waitqueue: inited
CPU 0 (P 0 "*none*"): future: inited (seeded pool with 256 futures)
CPU 0 (P 0 "*none*"): timer: Timers inited
CPU 0 (P 0 "*none*"): APIC: Detected APIC 0x0 at 1000252800 Hz and cycles per us as 2298 (core at 2298000000 Hz) calibration mode=0
CPU 0 (P 0 "*none*"): APIC: Detected APIC 0x0 CPU cycles per tick as 36 cycles (min was 36)
CPU 0 (P 0 "*none*"): dev: Added device with name apic0, type 1, flags 0x0
CPU 0 (P 0 "*none*"): semaphore: inited
CPU 0 (P 0 "*none*"): msg_queue: inited
CPU 0 (P 0 "*none*"): ps2: init
CPU 0 (P 0 "*none*"): dev: Added device with name ps2-keyboard, type 0, flags 0x0
PCI: Probing PCI bus...
PCI: 0000:00:00.0 8086:1237 (rev 2)
PCI: 0000:00:01.0 8086:7000 (rev 0)
PCI: [0000:01.0] Multifunction Device detected
PCI: 0000:00:01.1 8086:7010 (rev 0)
PCI: 0000:00:01.3 8086:7113 (rev 3)
PCI: 0000:00:02.0 1234:1111 (rev 0)
PCI: 0000:00:03.0 8086:100e (rev 3)
CPU 0 (P 0 "*none*"): dev: Added device with name pci0, type 3, flags 0x0
CPU 0 (P 0 "*none*"): dev: Added device with name isa, type 3, flags 0x0
CPU 0 (P 0 "*none*"): Scheduler: Initializing scheduler on BSP
CPU 0 (P 1 "*unnamed*"): group_sched: Inited
BOOTMEM: Reclaiming boot sections and data:
BOOTMEM:     [Boot alloc. page map] (0.264 MB)
BOOTMEM:     [Boot page tables and stack]     (0.4096 MB)
BOOTMEM:     =======
BOOTMEM:     [TOTAL] (2.109704 MB)
BOOTMEM:     Boot allocation range: 0x00800000-0x01306640
CPU 0 (P 1 "*unnamed*"): KMEM:    boot range: 0x00800000-0x01306640   kmem private: 0x00805000-0x01306640
SMP: Setting up cross-core IPI event queue
MWAIT not supported
CPU 0 (P 1 "*unnamed*"): dev: Added device with name vga, type 0, flags 0x0
CPU 0 (P 1 "*unnamed*"): dev: Added device with name serial-boot, type 0, flags 0x0
CPU 0 (P 1 "*unnamed*"): chardev: register device serial0
CPU 0 (P 1 "*unnamed*"): dev: Added device with name serial0, type 4, flags 0x0
CPU 0 (P 1 "*unnamed*"): fiber: Initializing fibers on BSP
CPU 0 (P 1 "*unnamed*"): fiber: Starting fiber thread for CPU 0
CPU 0 (P 1 "*unnamed*"): fiber: Fiber thread launched on cpu 0 as 0x00102000
CPU 0 (P 1 "*unnamed*"): vc: init
List of VCs (space to regenerate, plus for new shell)

a : default
b : system-log
CPU 0 (P 1 "*unnamed*"): vc: List launched
CPU 0 (P 1 "*unnamed*"): fs: inited
PMC: Initializing PMC subsystem
parsing cmdline 
CPU 0 (P 1 "*unnamed*"): Shell root-shell launched on cpu 0 as 000000000187e000
Nautilus boot thread yielding (indefinitely)
c : vc-list
root-shell> ftimehook1
root-shell> Benchmark 26 is finished
PRINTSTART
19794374023
19794375135
5552
306
176
220
192
654
458
176
358
364
332
358
348
350
328
350
322
350
348
350
322
350
346
350
322
350
346
350
322
350
368
324
346
350
322
350
348
350
504
324
346
350
322
350
348
350
382
350
348
324
348
350
348
324
348
350
322
350
348
350
322
350
322
350
320
350
348
324
348
350
322
350
322
350
346
350
322
350
348
324
348
350
346
324
346
350
320
350
346
350
320
350
346
350
320
350
346
324
348
350
348
324
348
350
348
350
346
350
322
350
348
350
322
350
346
324
348
350
348
324
348
350
320
348
348
350
322
350
348
324
346
348
322
350
346
350
322
350
348
324
346
350
348
324
348
350
322
350
346
350
322
350
348
324
348
350
348
324
348
350
320
350
348
350
322
350
348
350
320
350
346
324
348
350
320
350
348
350
320
350
348
324
346
350
322
350
346
350
322
350
346
324
348
350
348
324
348
350
320
350
348
350
322
350
348
324
348
350
348
324
348
350
348
350
348
350
322
350
348
350
322
350
348
324
348
350
346
324
348
350
348
324
348
350
320
350
348
350
322
350
346
350
322
350
348
324
348
350
320
14188
376
324
348
350
320
350
348
324
322
350
348
324
346
350
348
350
348
350
322
350
348
350
322
350
348
324
346
350
348
324
348
350
322
350
346
350
322
350
348
322
346
350
322
350
348
350
322
350
348
322
346
350
322
350
348
350
322
350
348
324
348
350
346
324
348
350
322
350
348
350
320
350
348
324
346
350
346
324
346
350
320
324
346
350
320
350
346
350
320
350
346
350
322
350
348
324
346
350
348
324
348
350
322
324
346
350
322
350
348
350
322
350
348
324
348
350
348
324
348
350
322
350
348
324
348
350
348
324
348
350
322
350
348
350
320
350
348
324
348
350
348
324
346
350
322
324
348
350
320
350
348
324
322
350
348
324
346
324
348
350
348
324
346
350
320
324
348
350
322
350
348
350
348
350
348
322
346
350
348
324
348
350
320
350
348
350
322
350
348
324
346
350
348
324
348
350
322
324
346
350
322
350
348
350
322
492
378
350
348
350
322
350
348
350
322
350
348
350
322
350
348
324
348
350
322
350
5350
486
356
350
322
348
348
320
348
348
348
348
348
358
322
346
348
322
346
348
348
322
348
348
348
322
352
322
348
348
322
348
348
348
322
346
348
322
348
346
348
322
356
348
322
348
346
320
348
348
348
348
320
346
348
322
348
348
322
348
348
348
322
348
348
322
348
348
322
348
348
348
322
348
348
322
348
348
322
348
348
348
322
348
348
322
348
348
322
348
368
348
320
322
348
348
320
346
348
322
348
348
322
348
346
320
348
348
348
322
348
348
322
348
348
322
348
348
348
322
348
348
322
348
348
322
348
348
348
322
348
346
322
348
346
322
348
348
348
320
348
348
320
348
348
348
322
348
346
320
348
348
320
346
348
348
320
346
348
322
346
346
322
348
348
320
322
348
348
322
348
348
320
346
348
322
348
348
322
348
346
320
348
348
348
322
348
348
322
348
348
322
348
348
348
322
348
348
322
348
348
322
348
348
348
348
348
348
322
348
348
322
348
348
322
348
348
348
322
348
348
322
348
348
320
346
348
322
348
348
348
322
346
346
322
348
348
322
348
348
322
322
348
348
322
348
348
322
348
348
322
348
348
348
320
346
348
322
346
348
322
322
348
346
322
348
346
322
348
348
348
322
346
346
322
348
346
320
348
348
346
320
348
348
320
346
348
348
320
346
348
322
348
348
320
346
348
322
348
348
322
348
346
320
322
348
348
322
348
348
322
348
348
322
348
348
348
348
348
348
322
348
348
322
348
348
322
346
348
346
322
348
348
322
348
348
322
348
348
348
322
348
348
322
346
348
322
348
346
346
322
348
348
322
348
348
320
346
348
322
348
348
322
322
348
348
322
348
348
322
370
348
348
348
348
348
348
322
348
348
322
348
348
320
348
348
346
322
348
348
322
346
348
348
320
348
348
322
348
348
320
346
348
348
320
346
348
322
346
346
322
322
346
346
322
348
348
320
348
348
322
348
348
322
320
346
348
322
348
348
322
348
346
320
348
348
322
348
348
348
322
348
348
322
348
348
322
348
348
322
322
348
348
322
348
348
322
348
348
322
348
348
348
322
348
348
322
348
348
322
348
348
348
322
348
348
320
346
348
322
348
348
322
348
346
320
348
348
348
322
348
348
322
348
348
322
348
348
348
322
348
348
322
348
348
322
346
346
348
322
346
348
322
348
348
320
348
348
346
322
348
348
PRINTEND
hook_time_index 1000
th_one_start
42
68
68
68
42
42
68
68
70
68
42
76
42
68
68
68
42
68
68
42
42
68
68
42
42
68
68
86
68
68
42
68
68
42
42
250
68
68
42
68
68
42
42
100
68
42
68
68
68
42
68
68
42
68
68
42
42
68
42
68
42
68
68
42
68
68
42
68
42
68
68
42
68
68
68
42
68
68
40
42
68
68
42
68
68
68
42
68
68
42
68
68
68
42
68
68
68
42
68
68
42
68
68
68
42
68
68
42
42
68
68
42
68
68
68
42
68
68
42
68
68
42
40
68
68
42
68
68
42
68
66
68
42
68
68
42
68
68
68
42
68
68
42
68
68
42
42
68
68
42
68
68
68
42
68
68
42
68
68
68
42
68
68
42
42
68
68
42
68
68
42
68
68
42
42
68
68
42
68
68
42
68
68
68
42
68
68
42
68
68
42
42
68
68
42
68
68
42
42
68
68
42
68
68
42
42
68
68
42
68
68
68
42
68
68
42
42
68
68
42
68
68
68
42
68
68
42
42
68
68
42
68
68
68
42
68
68
42
42
68
68
42
68
68
42
68
90
68
70
68
42
68
68
42
68
68
68
42
68
68
42
68
68
68
42
68
68
42
42
68
68
42
68
68
42
42
68
68
42
68
68
42
42
68
68
42
68
68
40
68
68
42
42
68
68
42
68
68
40
68
68
68
42
68
68
42
68
68
68
42
68
68
42
68
68
42
42
68
68
42
68
68
68
42
68
68
42
68
68
68
42
68
68
42
42
68
68
42
42
68
68
42
68
68
68
42
68
68
42
68
68
68
42
68
68
42
42
68
68
42
68
68
42
42
68
68
42
68
68
42
68
68
42
42
68
68
42
68
68
68
42
68
68
42
68
68
68
42
68
68
42
68
68
68
42
68
68
42
68
68
68
42
68
68
68
68
68
42
68
68
42
68
66
68
42
68
68
42
66
42
68
42
68
68
66
42
66
68
42
68
68
42
42
68
68
42
68
68
42
42
68
68
42
68
68
68
42
68
68
42
42
68
78
68
68
42
42
68
68
42
42
68
68
68
42
68
68
68
68
68
42
68
68
42
80
68
42
68
68
42
68
68
68
42
68
42
42
68
68
42
68
68
68
42
68
68
42
42
68
72
68
68
42
68
68
42
42
68
68
42
68
68
42
42
68
76
42
68
68
42
68
68
42
42
42
68
68
42
68
68
42
68
68
68
42
68
68
42
68
68
42
68
68
42
42
68
68
42
68
68
42
68
68
42
42
68
68
42
68
68
42
68
68
90
42
68
68
68
42
68
68
42
68
68
42
68
68
42
68
68
42
42
68
68
42
68
68
42
68
68
42
42
68
68
42
68
68
42
68
68
42
42
68
68
42
68
68
42
68
68
42
42
68
68
42
68
68
42
42
68
68
42
68
68
42
68
68
42
42
68
68
42
68
68
42
68
68
42
68
68
42
42
68
68
42
68
68
42
68
68
42
68
68
42
68
68
42
42
68
68
42
68
68
42
68
68
42
42
68
68
42
68
68
42
68
68
42
68
68
68
42
68
68
42
68
68
42
68
68
42
42
68
68
42
68
68
42
68
68
42
68
68
42
42
68
68
42
68
68
42
68
68
42
68
68
68
42
68
68
42
68
68
42
68
68
42
42
68
68
42
68
68
42
68
68
68
42
68
68
42
68
68
42
42
68
68
42
68
68
42
68
68
68
42
68
68
42
68
68
42
42
68
68
42
68
68
42
68
68
42
68
68
42
68
68
42
68
68
42
42
68
68
42
68
68
42
68
68
42
42
68
68
42
68
68
42
68
68
42
68
68
68
42
68
68
42
68
68
42
68
68
68
42
68
68
42
68
68
42
68
68
42
42
68
68
42
68
68
42
68
68
42
68
68
42
68
68
68
42
68
68
42
68
90
68
42
42
68
68
42
68
68
42
68
68
42
68
68
68
42
68
68
42
68
68
42
42
68
68
42
68
68
42
68
68
42
42
68
68
42
68
68
42
68
68
68
42
68
68
42
68
68
42
68
68
42
68
68
42
42
68
68
42
68
68
42
68
68
42
68
68
42
68
68
68
42
68
68
42
68
68
42
68
68
42
42
68
68
42
68
68
42
68
68
42
42
68
68
42
68
68
42
68
68
42
42
68
68
42
68
68
42
68
68
42
68
68
42
68
68
42
42
68
68
42
68
68
42
68
68
42
42
68
68
42
68
68
42
68
68
42
68
68
68
42
68
68
42
68
68
68
42
68
68
42
th_one_end
hook_data average, 58.73
th_two_start
872
888
1374
1090
1124
1158
1156
1152
1116
1120
1252
1272
1116
1146
1114
1120
1146
1120
1218
1220
1142
1120
1116
1120
1142
1118
1294
1276
1116
1120
1116
1118
1118
1118
1438
1260
1116
1120
1116
1118
1114
1116
1516
1432
1114
1118
1116
1116
1114
1144
1116
1116
1114
1118
1116
1116
1274
1276
1270
1276
1144
1120
1116
1118
1200
1202
1242
1270
1142
1120
1118
1120
1142
1118
1116
1142
1116
1122
1118
1148
1118
1122
1118
1148
1118
1122
1144
1122
1118
1122
1144
1122
1118
1118
1118
1122
1118
1146
1116
1120
1118
1146
1118
1120
1144
1120
1116
1120
1144
1120
1118
1120
1146
1118
1114
1142
1114
1118
1116
1118
1116
1116
1140
1116
1114
1144
1116
1118
1116
1148
1118
1116
1142
1118
1116
1120
1116
1120
1118
1144
1116
1118
1116
1120
1116
1120
1144
1122
1116
1116
1116
1118
1118
1144
1116
1120
1116
1146
1116
1118
1144
1118
1116
1120
1142
1120
1114
1144
1114
1118
1116
1118
1114
1118
1142
1118
1114
1144
1116
1118
1114
1144
1116
1116
1138
1120
1118
1120
1116
1118
1116
1144
1116
1120
1118
1120
1116
1118
1142
1118
1116
1116
1116
1122
1118
1146
1118
1120
1118
1146
1118
1120
1144
1120
1118
1120
1144
1120
1118
1116
1144
1124
1118
1146
1118
1120
1116
1146
1118
1120
1120
1148
1116
1120
1144
1120
1118
1120
1146
1118
1114
1116
1114
1118
14806
15044
1208
1150
1116
1116
1140
1120
1116
1118
1116
1118
1118
1146
1116
1120
1116
1144
1116
1118
1148
1120
1112
1118
1144
1118
1116
1146
1116
1120
1116
1144
1118
1118
1116
1120
1116
1120
1142
1114
1116
1144
1116
1118
1114
1118
1116
1116
1140
1116
1116
1144
1116
1118
1114
1116
1112
1116
1144
1118
1116
1118
1116
1120
1118
1146
1116
1118
1116
1118
1116
1120
1144
1120
1112
1118
1120
1122
1118
1148
1118
1122
1118
1148
1118
1122
1118
1122
1118
1122
1144
1122
1116
1122
1146
1120
1118
1120
1118
1120
1118
1146
1116
1120
1118
1146
1118
1120
1118
1120
1116
1122
1142
1116
1116
1118
1114
1116
1116
1144
1114
1116
1142
1118
1114
1116
1116
1118
1120
1146
1112
1118
1116
1118
1118
1120
1142
1120
1116
1118
1116
1118
1118
1146
1116
1120
1120
1144
1114
1120
1142
1120
1116
1118
1144
1118
1116
1146
1278
1282
1118
1118
1116
1146
1202
1204
1252
1254
1114
1116
1114
1116
1270
1246
1270
1246
1116
1118
1116
1118
1208
1236
1112
1116
1118
1120
1116
1118
1142
1118
1116
1146
1118
1120
1116
1144
1116
1118
1218
1248
1114
1118
1120
1120
1118
1120
7528
7700
1172
1114
1116
1118
1142
1118
1228
1230
1118
1120
1118
1120
1242
1218
1276
1278
1118
1120
1118
1120
6254
1476
1126
1118
1142
1114
1118
1118
1248
1220
1270
1244
1118
1154
1144
1118
1118
1144
1258
1232
1112
1114
1118
1116
1116
1144
1278
1274
1118
1116
1116
1118
1118
1116
1242
1216
1118
1116
1114
1116
1116
1140
1122
1114
1114
1116
1116
1116
1116
1114
1232
1260
1142
1116
1116
1138
1114
1118
1398
1424
1116
1116
1142
1116
1116
1116
1116
1116
1116
1116
1116
1116
1142
1112
1116
1146
1116
1116
1116
1116
1116
1116
1142
1116
1116
1142
1116
1116
1116
1116
1136
1116
1120
1144
1114
1116
1142
1116
1116
1140
1114
1114
1114
1116
1116
1116
1116
1114
1114
1144
1120
1116
1142
1116
1116
1116
1116
1116
1116
1142
1116
1116
1142
1116
1116
1116
1116
1120
1116
1112
1118
1118
1144
1118
1118
1118
1118
1118
1118
1144
1118
1118
1118
1118
1118
1118
1112
1114
1118
1144
1118
1118
1118
1118
1118
1118
1144
1118
1118
1144
1118
1118
1118
1116
1114
1116
1116
1114
1114
1140
1114
1116
1142
1116
1116
1114
1114
1114
1114
1116
1116
1114
1116
1118
1116
1142
1116
1116
1142
1116
1116
1116
1116
1116
1116
1142
1116
1116
1142
1112
1116
1146
1116
1116
1116
1142
1116
1116
1142
1116
1116
1116
1116
1116
1116
1116
1116
1114
1146
1118
1114
1140
1114
1116
1116
1116
1116
1114
1114
1114
1114
1142
1116
1116
1142
1118
1120
1116
1116
1116
1116
1116
1116
1116
1142
1116
1116
1142
1116
1116
1116
1116
1116
1120
1142
1114
1118
1144
1118
1118
1118
1118
1118
1118
1144
1118
1118
1118
1118
1118
1118
1146
1114
1114
1144
1118
1118
1118
1118
1118
1118
1144
1118
1118
1118
1118
1118
1118
1144
1118
1114
1140
1114
1116
1142
1116
1116
1114
1114
1114
1114
1116
1116
1116
1116
1114
1114
1138
1114
1118
1142
1116
1116
1116
1116
1116
1116
1142
1116
1116
1142
1116
1116
1116
1116
1114
1118
1118
1118
1118
1144
1116
1116
1116
1116
1116
1116
1116
1116
1116
1142
1116
1116
1142
1120
1118
1114
1116
1116
1116
1142
1114
1114
1140
1114
1116
1142
1116
1116
1114
1114
1118
1120
1116
1116
1116
1142
1116
1116
1142
1164
1116
1116
1116
1142
1116
1116
1142
1116
1120
1116
1112
1118
1118
1144
1118
1118
1144
1118
1118
1118
1118
1118
1118
1144
1118
1118
1144
1112
1114
1118
1118
1118
1118
1144
1118
1118
1144
1118
1118
1118
1144
1118
1118
1144
1116
1114
1116
1116
1114
1114
1114
1114
1116
1116
1116
1116
1140
1114
1114
1140
1116
1116
1140
1116
1118
1116
1116
1116
1116
1142
1116
1116
1142
1116
1116
1116
1116
1116
1116
1116
1112
1116
1146
1116
1116
1142
1116
1116
1116
1116
1116
1116
1142
1116
1116
1142
1116
1116
1114
1120
1118
1114
1140
1114
1116
1142
1116
1116
1140
1114
1114
1114
1116
1116
1116
1116
1118
1120
1142
1116
1116
1116
1116
1116
1116
1116
1116
1116
1142
1116
1116
1142
1116
1116
1120
1116
1114
1118
1144
1118
1118
1144
1118
1118
1118
1144
1118
1118
1144
1118
1118
23740694379
th_two_end
hook_fire_data average, -2027940
Benchmark 25 is finished
