CPU ? (): dev: devices inited
CPU ? (): chardev: init
CPU ? (): blkdev: init
CPU ? (): netdev: init
Welcome to                                         
    _   __               __   _  __                
   / | / /____ _ __  __ / /_ (_)/ /__  __ _____    
  /  |/ // __ `// / / // __// // // / / // ___/    
 / /|  // /_/ // /_/ // /_ / // // /_/ /(__  )     
/_/ |_/ \__,_/ \__,_/ \__//_//_/ \__,_//____/  
+===============================================+  
 Kyle C. Hale (c) 2014 | Northwestern University   
+===============================================+  

Detected GenuineIntel Processor
CPU ? (): DEBUG: Increasing kern end to 0x00576ca7
BOOTMEM: Setting up boot memory allocator
BOOTMEM: Memory map[0] - [0x00000000 - 0x0009f000] <usable RAM>
BOOTMEM: Memory map[1] - [0x000a0000 - 0x000a0000] <reserved>
BOOTMEM: Memory map[2] - [0x000f0000 - 0x00100000] <reserved>
BOOTMEM: Memory map[3] - [0x00100000 - 0x7fffe000] <usable RAM>
BOOTMEM: Memory map[4] - [0x7fffe000 - 0x80000000] <reserved>
BOOTMEM: Memory map[5] - [0xfeffc000 - 0xff000000] <reserved>
BOOTMEM: Memory map[6] - [0xfffc0000 - 0x100000000] <reserved>
BOOTMEM: Detected 2047.646144 MB (2049 pages) of usable System RAM
CPU ? (): DEBUG: Multiboot info size 440B
CPU ? (): DEBUG: Image load base: 0x100040
CPU ? (): DEBUG: Kernel Cmd line: 
CPU ? (): DEBUG: Boot loader: GRUB 2.04
CPU ? (): DEBUG: Unhandled tag type (0xa)
CPU ? (): DEBUG: Found module: 
CPU ? (): DEBUG:   type:     0x00000003
CPU ? (): DEBUG:   size:     0x00000011
CPU ? (): DEBUG:   mod_start 0x0056a000
CPU ? (): DEBUG:   mod_end   0x00576ca7
CPU ? (): DEBUG:   args:     
CPU ? (): DEBUG: Found symbol table module
CPU ? (): DEBUG: Multiboot2 memory map detected
CPU ? (): DEBUG: ELF size=20, num=0, entsize=0, shndx=0, sechdr=0x00365b3c
CPU ? (): DEBUG: Multiboot2 basic meminfo detected
CPU ? (): DEBUG: Boot device: (biosdev=0xe0,slice=4294967295,part=4294967295)
CPU ? (): DEBUG: fb addr: 0x000b8000, fb_width: 80, fb_height: 25
CPU ? (): DEBUG: Old ACPI: rsdp=0x005696c8
ACPI: Parsing ACPI root table (at 0x000f6230)
ACPI: RSDP 00000000000f6230 00014 (v00 BOCHS )
ACPI: RSDT 000000007ffffbc1 00034 (v01 BOCHS  BXPCRSDT 00000001 BXPC 00000001)
ACPI: root table checksum pass
ACPI: FACP 000000007ffff1c0 00074 (v01 BOCHS  BXPCFACP 00000001 BXPC 00000001)
ACPI: SSDT 000000007ffff234 008DD (v01 BOCHS  BXPCSSDT 00000001 BXPC 00000001)
ACPI: APIC 000000007ffffb11 00078 (v01 BOCHS  BXPCAPIC 00000001 BXPC 00000001)
ACPI: HPET 000000007ffffb89 00038 (v01 BOCHS  BXPCHPET 00000001 BXPC 00000001)
ACPI: Done parsing ACPI root table
SMP: Detected 1 CPUs
NUMA: Parsing ACPI NUMA information...
NUMA: DONE.
CPU ? (): WARNING: NUMA: Associate Domains using ADHOC METHOD
Remapping phys mem [0x00000000 - 0x100000000] with 1GB pages
CPU ? (): KMEM: Malloc configured to support a maximum of: 0x7ff9d000 bytes of physical memory
BOOTMEM: Adding boot memory regions to the kernel memory pool:
BOOTMEM:     [Domain 00 : Region 00] (0.00 MB)
BOOTMEM:     [Domain 00 : Region 01] (2124.414976 MB)
BOOTMEM:     =======
BOOTMEM:     [TOTAL] (2124.414976 MB)
Disabling legacy 8259 PIC
Initializing i8254 PIT
CPU 0 (P 0 "*none*"): dev: Added device with name i8254, type 2, flags 0x0
CPU 0 (P 0 "*none*"): timehook: inited
CPU 0 (P 0 "*none*"): dev: Added device with name ioapic0, type 1, flags 0x0
CPU 0 (P 0 "*none*"): waitqueue: inited
CPU 0 (P 0 "*none*"): future: inited (seeded pool with 256 futures)
CPU 0 (P 0 "*none*"): timer: Timers inited
CPU 0 (P 0 "*none*"): APIC: Detected APIC 0x0 at 1000496000 Hz and cycles per us as 2298 (core at 2298000000 Hz) calibration mode=0
CPU 0 (P 0 "*none*"): APIC: Detected APIC 0x0 CPU cycles per tick as 36 cycles (min was 36)
CPU 0 (P 0 "*none*"): dev: Added device with name apic0, type 1, flags 0x0
CPU 0 (P 0 "*none*"): semaphore: inited
CPU 0 (P 0 "*none*"): msg_queue: inited
CPU 0 (P 0 "*none*"): ps2: init
CPU 0 (P 0 "*none*"): dev: Added device with name ps2-keyboard, type 0, flags 0x0
PCI: Probing PCI bus...
PCI: 0000:00:00.0 8086:1237 (rev 2)
PCI: 0000:00:01.0 8086:7000 (rev 0)
PCI: [0000:01.0] Multifunction Device detected
PCI: 0000:00:01.1 8086:7010 (rev 0)
PCI: 0000:00:01.3 8086:7113 (rev 3)
PCI: 0000:00:02.0 1234:1111 (rev 0)
PCI: 0000:00:03.0 8086:100e (rev 3)
CPU 0 (P 0 "*none*"): dev: Added device with name pci0, type 3, flags 0x0
CPU 0 (P 0 "*none*"): dev: Added device with name isa, type 3, flags 0x0
CPU 0 (P 0 "*none*"): Scheduler: Initializing scheduler on BSP
CPU 0 (P 1 "*unnamed*"): group_sched: Inited
BOOTMEM: Reclaiming boot sections and data:
BOOTMEM:     [Boot alloc. page map] (0.264 MB)
BOOTMEM:     [Boot page tables and stack]     (0.4096 MB)
BOOTMEM:     =======
BOOTMEM:     [TOTAL] (2.109704 MB)
BOOTMEM:     Boot allocation range: 0x00800000-0x01306640
CPU 0 (P 1 "*unnamed*"): KMEM:    boot range: 0x00800000-0x01306640   kmem private: 0x00805000-0x01306640
SMP: Setting up cross-core IPI event queue
MWAIT not supported
CPU 0 (P 1 "*unnamed*"): dev: Added device with name vga, type 0, flags 0x0
CPU 0 (P 1 "*unnamed*"): dev: Added device with name serial-boot, type 0, flags 0x0
CPU 0 (P 1 "*unnamed*"): chardev: register device serial0
CPU 0 (P 1 "*unnamed*"): dev: Added device with name serial0, type 4, flags 0x0
CPU 0 (P 1 "*unnamed*"): fiber: Initializing fibers on BSP
CPU 0 (P 1 "*unnamed*"): fiber: Starting fiber thread for CPU 0
CPU 0 (P 1 "*unnamed*"): fiber: Fiber thread launched on cpu 0 as 0x00102000
CPU 0 (P 1 "*unnamed*"): vc: init
List of VCs (space to regenerate, plus for new shell)

a : default
b : system-log
CPU 0 (P 1 "*unnamed*"): vc: List launched
CPU 0 (P 1 "*unnamed*"): fs: inited
PMC: Initializing PMC subsystem
parsing cmdline 
CPU 0 (P 1 "*unnamed*"): Shell root-shell launched on cpu 0 as 000000000187e000
Nautilus boot thread yielding (indefinitely)
c : vc-list
root-shell> fibtimehook1
root-shell> Benchmark 25 is finished
Benchmark 26 is finished
PRINTSTART
26727481184
26727483095
19845
869
781
751
774
736
769
739
774
739
769
739
774
739
769
736
774
739
772
739
772
739
769
739
769
739
774
739
769
739
774
739
769
739
774
739
772
739
769
736
769
739
769
739
777
739
769
739
774
739
769
736
774
736
769
739
774
739
769
739
769
739
769
739
769
736
774
739
772
739
774
739
772
739
774
739
769
736
774
739
769
739
769
739
774
739
769
739
777
739
772
739
777
739
769
739
777
739
769
739
769
736
769
739
769
739
777
739
772
739
774
739
769
739
777
739
769
739
774
739
769
739
769
739
774
736
772
739
774
739
772
739
774
739
769
739
774
736
772
739
777
739
769
739
769
739
774
739
772
736
774
739
769
739
774
739
769
739
774
736
769
739
769
744
774
739
769
739
777
739
769
736
774
736
769
739
774
739
772
739
769
739
769
736
772
736
774
739
769
739
774
739
769
739
774
736
769
736
774
739
769
739
769
744
769
739
769
739
777
736
769
739
774
739
769
739
777
739
769
739
777
739
769
739
769
739
769
739
769
739
774
736
769
739
774
739
769
739
774
739
769
739
769
736
774
739
769
739
774
739
769
739
777
739
769
736
774
736
769
739
769
739
772
739
769
739
774
736
772
736
774
739
769
739
774
739
769
739
774
736
769
736
769
739
769
739
769
739
774
739
769
739
777
736
772
739
774
739
772
739
769
744
769
739
769
736
777
739
772
739
774
739
769
739
774
739
772
736
774
739
769
739
769
739
774
739
769
736
774
739
769
739
774
739
769
739
777
739
769
736
769
736
769
739
769
739
777
739
769
739
774
736
772
736
774
739
769
739
774
739
769
739
769
736
769
736
769
739
774
739
769
739
774
739
769
739
777
736
769
739
769
744
769
739
772
739
774
739
772
739
774
739
769
739
774
739
769
739
774
736
769
739
769
744
769
739
769
739
774
739
769
736
774
739
772
739
774
739
769
739
769
739
769
736
769
736
774
739
769
739
774
739
769
739
774
736
769
739
777
739
769
739
769
739
769
739
769
736
777
736
769
739
777
739
772
902
784
757
766
739
771
762
769
739
769
736
774
739
769
736
774
739
769
736
774
739
17792
840
745
739
766
754
771
736
766
754
766
744
766
754
763
781
754
766
736
766
754
766
736
771
754
766
736
766
759
771
736
766
754
771
739
766
754
766
739
766
754
766
739
771
754
766
736
771
759
766
739
766
759
771
739
766
754
771
739
766
754
766
736
771
754
766
736
771
754
766
736
771
759
766
736
766
754
771
736
766
754
771
736
766
754
766
736
771
754
766
739
771
759
766
739
766
759
771
739
766
754
771
739
766
754
766
744
766
754
766
736
771
759
766
736
766
754
771
736
766
754
771
739
766
754
766
739
766
754
766
739
771
754
766
736
771
759
766
736
766
754
771
739
766
754
771
736
766
754
766
736
766
754
766
736
771
754
766
736
771
759
766
736
766
754
771
736
766
754
771
736
766
754
766
739
771
754
766
739
771
759
766
739
766
759
771
739
766
754
771
739
766
754
766
736
771
754
766
736
771
759
766
736
766
759
771
739
766
754
771
739
766
754
766
739
766
754
766
736
771
754
766
736
771
759
766
739
766
754
771
736
766
754
771
736
766
754
766
736
766
754
766
736
771
754
766
736
771
759
766
736
766
754
771
736
766
754
766
739
766
754
766
739
771
754
766
739
771
754
766
739
766
759
771
736
766
754
771
736
766
754
766
736
771
754
766
739
771
759
771
739
766
759
771
739
766
754
771
736
766
754
766
739
766
754
766
739
771
754
766
736
766
759
771
736
766
754
771
736
766
754
771
739
766
754
766
736
766
754
766
739
771
754
766
739
766
759
771
739
766
754
771
736
766
754
766
736
766
754
766
736
771
754
766
736
771
759
766
736
766
754
771
739
766
754
766
739
766
754
766
742
771
754
766
736
771
759
766
736
766
759
771
739
766
754
771
736
766
754
766
736
771
754
766
739
771
759
766
739
766
759
771
739
766
754
771
736
766
754
766
739
766
754
766
736
771
754
766
739
771
759
766
739
766
754
771
739
766
754
771
739
766
754
766
739
766
754
766
739
771
754
766
739
766
759
771
739
766
754
766
739
766
754
766
736
771
754
766
736
771
754
766
736
771
759
766
739
766
754
771
736
766
754
766
736
766
754
766
739
771
754
766
739
771
754
766
739
766
759
771
736
766
754
771
739
766
754
766
736
766
754
766
739
771
754
766
739
771
759
771
739
766
754
771
739
766
754
766
739
766
754
766
PRINTEND
hook_time_index 1000
th_one_start
66
68
68
68
63
63
68
68
63
63
68
68
63
63
68
68
68
63
68
68
68
68
63
68
68
68
63
68
68
68
63
63
68
68
68
63
68
68
68
68
68
68
68
68
63
63
68
71
63
63
68
68
63
63
68
68
68
68
68
68
68
68
68
68
68
68
63
63
68
68
63
63
68
68
68
63
68
68
68
68
68
68
68
68
63
68
68
68
63
63
68
68
63
63
68
68
68
63
68
68
68
68
68
68
68
68
63
71
68
68
63
63
68
68
63
63
68
68
68
71
68
68
68
68
63
68
68
68
63
63
68
68
63
63
68
68
63
63
68
68
68
68
68
68
68
68
63
63
68
68
63
63
68
68
63
63
68
68
68
68
68
68
68
68
63
68
68
68
63
63
68
68
63
63
68
68
68
68
68
68
68
68
68
68
68
68
68
63
68
68
63
63
68
68
63
63
68
68
68
68
68
68
68
68
68
68
68
68
63
63
68
68
63
63
68
68
68
63
68
68
68
68
68
68
68
68
68
71
68
68
63
63
68
68
68
63
68
68
68
68
68
68
68
68
68
68
68
68
63
63
68
68
63
63
68
68
68
68
68
68
68
68
63
68
68
68
63
68
68
68
63
63
68
68
63
63
68
68
68
63
68
68
68
68
68
68
68
68
63
63
68
68
63
63
68
68
68
68
68
68
68
68
68
68
68
68
63
68
68
68
63
63
68
68
63
63
68
68
68
68
68
68
68
68
63
68
68
68
63
63
68
68
63
63
68
68
68
63
68
68
68
68
68
68
68
68
63
63
68
68
63
63
68
68
63
63
68
68
68
68
68
68
68
68
68
68
68
68
63
63
68
68
63
63
68
68
68
63
68
68
68
68
68
68
68
68
68
68
68
68
63
63
68
68
63
66
68
68
68
68
68
68
68
68
63
68
68
68
63
63
68
68
63
63
68
68
68
63
68
68
68
68
68
68
68
68
63
63
68
68
63
63
68
68
63
63
68
68
68
68
68
68
68
68
68
68
68
68
63
68
68
68
83
68
68
68
63
63
68
68
68
68
68
68
68
68
68
68
68
68
63
63
68
68
81
68
68
68
63
63
68
68
68
68
68
68
68
68
68
68
63
68
68
68
68
63
68
68
68
63
63
63
68
68
68
63
63
68
68
68
68
68
68
68
68
68
68
68
68
63
63
68
68
68
63
63
63
68
68
68
63
68
68
68
68
68
68
68
68
63
68
68
68
68
63
68
68
68
68
63
63
68
68
68
63
68
68
68
68
68
68
68
68
63
63
68
68
68
68
63
68
68
68
63
63
68
68
68
68
68
68
68
68
63
63
68
68
68
68
63
68
68
68
63
63
68
68
68
63
68
68
68
68
68
68
68
68
63
63
68
68
68
68
63
68
68
68
63
63
68
68
68
68
68
68
68
68
63
68
68
68
63
63
68
68
68
68
63
63
68
68
63
63
68
68
68
68
68
68
68
68
63
63
68
68
68
63
63
68
68
68
63
63
68
68
68
68
68
68
68
68
63
63
68
68
68
68
63
63
68
68
63
63
68
68
68
63
68
68
68
68
68
68
68
68
63
63
68
68
68
68
63
63
68
68
63
63
68
68
68
68
68
68
68
68
63
68
68
68
68
63
68
68
68
68
63
63
68
68
68
63
68
68
68
68
63
68
68
68
63
63
68
68
68
63
63
68
68
68
68
63
68
68
68
68
63
68
68
68
68
63
68
68
68
68
63
68
68
68
63
63
68
68
68
63
68
68
68
68
63
68
68
68
63
63
68
68
68
68
63
68
68
68
63
63
68
68
68
68
68
68
68
68
63
63
68
68
68
63
68
68
68
68
63
63
68
68
68
68
68
68
68
68
63
68
68
68
63
63
68
68
68
68
63
63
68
68
68
68
68
68
68
68
69
63
68
68
68
63
68
68
68
68
63
63
68
68
68
63
68
68
68
68
68
68
68
68
63
63
68
68
68
68
63
68
68
68
63
63
68
68
68
63
68
68
68
68
63
68
68
68
63
63
68
68
68
68
63
63
68
68
68
63
68
68
68
68
68
68
68
68
63
63
68
68
68
63
63
68
68
68
68
63
68
68
68
68
63
68
68
68
63
63
68
68
63
63
68
68
68
68
63
68
68
68
68
63
68
68
68
68
63
68
68
68
63
63
68
68
68
63
68
68
68
68
63
63
68
68
68
63
68
68
68
68
68
68
68
68
63
63
68
68
68
68
63
63
68
68
68
63
68
68
68
68
th_one_end
hook_data average, 66.407
th_two_start
1656
1623
1656
1635
1667
1632
1668
1632
1662
1627
1656
1629
1668
1624
1662
1629
1656
1627
1665
1629
1665
1635
1656
1632
1662
1626
1670
1635
1659
1635
1662
1624
1668
1632
1659
1627
1662
1629
1668
1627
1662
1629
1656
1635
1667
1629
1665
1629
1659
1632
1665
1629
1665
1630
1659
1635
1662
1624
1668
1632
1659
1635
1662
1629
1668
1632
1662
1629
1656
1632
1668
1627
1662
1629
1659
1630
1662
1629
1668
1627
1659
1635
1659
1626
1670
1629
1659
1632
1662
1624
1668
1632
1662
1624
1653
1629
1668
1627
1662
1632
1656
1632
1665
1626
1665
1632
1656
1632
1662
1626
1665
1627
1659
1635
1662
1627
1668
1632
1659
1627
1662
1629
1668
1632
1667
1629
1656
1632
1665
1624
1662
1629
1656
1627
1665
1626
1665
1627
1659
1635
1662
1632
1668
1629
1659
1632
1667
1632
1668
1632
1662
1627
1656
1632
1671
1627
1662
1629
1656
1630
1662
1629
1668
1632
1664
1632
1662
1629
1668
1632
1659
1635
1662
1624
1668
1632
1662
1624
1656
1629
1668
1624
1662
1632
1659
1635
1667
1629
1668
1632
1656
1627
1665
1629
1668
1627
1659
1635
1662
1627
1665
1632
1659
1632
1662
1629
1668
1632
1662
1632
1656
1632
1665
1621
1662
1629
1656
1627
1662
1629
1668
1627
1659
1635
1662
1632
1673
1632
1659
1632
1662
1630
1668
1632
1662
1627
1656
1632
1671
1627
1662
1629
1656
1635
1662
1629
1668
1632
1659
1627
1662
1629
1668
1627
1659
1635
1662
1624
1668
1632
1662
1629
1656
1629
1668
1629
1667
1632
1659
1635
1662
1624
1668
1632
1656
1627
1665
1629
1668
1627
1659
1635
1662
1632
1670
1632
1659
1632
1662
1624
1671
1632
1662
1624
1656
1632
1665
1624
1662
1629
1656
1627
1665
1626
1665
1632
1664
1635
1662
1632
1668
1624
1659
1632
1662
1627
1668
1632
1662
1627
1656
1632
1671
1632
1667
1629
1656
1635
1662
1624
1668
1632
1659
1627
1662
1629
1668
1627
1659
1635
1662
1629
1673
1632
1662
1629
1656
1629
1668
1629
1662
1627
1659
1635
1662
1624
1668
1632
1656
1627
1665
1629
1668
1632
1659
1635
1662
1632
1665
1632
1659
1632
1662
1624
1668
1632
1662
1627
1656
1632
1665
1621
1662
1629
1656
1632
1662
1629
1668
1632
1659
1635
1662
1632
1668
1627
1659
1632
1662
1627
1665
1632
1662
1632
1659
1635
1668
1629
1662
1629
1656
1632
1665
1624
1665
1635
1659
1630
1662
1626
1668
1627
1659
1635
1662
1632
1673
1632
1662
1632
1656
1624
1668
1629
1662
1624
1656
1635
1662
1624
1668
1632
1656
1632
1665
1626
1668
1632
1659
1632
27787
27906
1686
1656
1665
1632
1650
1642
1659
1629
1668
1632
1662
1629
1656
1629
1662
1632
1668
1632
1662
1629
18765
1926
1647
1635
1656
1644
1656
1618
1662
1647
1653
1630
1659
1644
1662
1677
1644
1662
1627
1656
1647
1659
1629
1670
1647
1659
1638
1668
1653
1664
1629
1665
1647
1656
1624
1653
1650
1659
1618
1650
1641
1659
1629
1653
1647
1659
1629
1665
1647
1653
1632
1662
1653
1664
1626
1662
1650
1656
1627
1656
1644
1665
1632
1653
1638
1656
1635
1664
1644
1665
1632
1659
1639
1653
1629
1659
1647
1665
1632
1659
1644
1653
1627
1662
1644
1662
1638
1670
1644
1653
1632
1659
1639
1662
1632
1653
1650
1664
1623
1653
1644
1662
1627
1653
1650
1659
1624
1662
1647
1659
1635
1668
1653
1659
1629
1665
1647
1659
1629
1653
1650
1659
1618
1653
1641
1656
1624
1653
1650
1659
1626
1662
1647
1656
1632
1662
1648
1662
1626
1662
1650
1656
1632
1656
1644
1665
1627
1653
1638
1656
1630
1659
1644
1665
1632
1659
1644
1653
1629
1659
1642
1665
1632
1659
1644
1653
1632
1662
1644
1662
1633
1665
1644
1653
1632
1659
1644
1662
1632
1653
1645
1659
1623
1653
1644
1667
1632
1653
1650
1659
1624
1662
1647
1659
1635
1668
1653
1659
1629
1665
1642
1659
1629
1653
1650
1664
1623
1653
1641
1656
1629
1653
1650
1659
1621
1662
1647
1656
1632
1662
1653
1662
1626
1662
1645
1656
1632
1656
1644
1665
1632
1653
1638
1656
1630
1659
1644
1665
1627
1659
1644
1653
1629
1664
1647
1665
1632
1659
1639
1653
1632
1662
1644
1662
1638
1665
1644
1653
1627
1659
1644
1662
1632
1648
1650
1659
1623
1653
1639
1662
1635
1656
1647
1664
1629
1665
1647
1659
1633
1668
1653
1659
1629
1670
1647
1656
1629
1653
1650
1659
1623
1650
1641
1659
1629
1653
1647
1659
1624
1665
1647
1653
1627
1662
1653
1659
1626
1662
1647
1656
1635
1659
1644
1665
1629
1653
1641
1656
1632
1659
1647
1662
1624
1659
1647
1653
1621
1659
1650
1665
1632
1656
1647
1653
1632
1659
1641
1662
1638
1665
1647
1653
1627
1659
1644
1665
1624
1656
1650
1659
1626
1648
1644
1665
1629
1656
1645
1659
1629
1665
1647
1656
1638
1668
1653
1656
1624
1662
1647
1659
1635
1653
1642
1662
1623
1653
1636
1659
1629
1653
1650
1664
1626
1662
1647
1656
1627
1665
1653
1659
1629
1670
1647
1653
1632
1659
1642
1662
1629
1650
1641
1656
1632
1656
1644
1665
1627
1659
1644
1653
1624
1656
1647
1665
1632
1664
1644
1653
1632
1659
1639
1662
1638
1662
1647
1653
1632
1659
1641
1662
1627
1656
1650
1656
1618
1653
1644
1662
1632
1656
1650
1656
1629
1662
1647
1659
1635
1665
1656
1659
1624
1662
1647
1659
1629
1653
1647
1662
1623
1653
1641
1659
1629
1653
1645
1659
1626
1662
1647
1656
1632
1665
1653
1659
1624
1665
1647
1653
1632
1659
1647
1662
1629
1650
1636
1656
1632
1656
1644
1670
1632
1659
1644
1653
1624
1656
1647
1665
1627
1659
1644
1653
1632
1659
1644
1662
1638
1662
1647
1653
1632
1659
1641
1662
1632
1656
1650
1656
1618
1653
1644
1662
5199802
th_two_end
hook_fire_data average, 6907.06
